<?xml version="1.0" encoding="UTF-8"?>
<coverage generated="1747021312565" clover="3.2.0">
  <project timestamp="1747021312565" name="All files">
    <metrics statements="245" coveredstatements="242" conditionals="317" coveredconditionals="293" methods="30" coveredmethods="30" elements="592" coveredelements="565" complexity="0" loc="245" ncloc="245" packages="1" files="3" classes="3"/>
    <file name="advanced-calculator.js" path="C:\Users\sjun0\Projects\unit-tests\unit-tests\js\advanced-calculator.js">
      <metrics statements="107" coveredstatements="105" conditionals="177" coveredconditionals="172" methods="13" coveredmethods="13"/>
      <line num="8" count="15" type="cond" truecount="6" falsecount="0"/>
      <line num="9" count="1" type="stmt"/>
      <line num="12" count="14" type="cond" truecount="6" falsecount="0"/>
      <line num="13" count="1" type="stmt"/>
      <line num="16" count="13" type="cond" truecount="6" falsecount="0"/>
      <line num="17" count="1" type="stmt"/>
      <line num="20" count="12" type="cond" truecount="6" falsecount="0"/>
      <line num="21" count="1" type="stmt"/>
      <line num="24" count="11" type="cond" truecount="6" falsecount="0"/>
      <line num="25" count="2" type="stmt"/>
      <line num="28" count="9" type="cond" truecount="3" falsecount="3"/>
      <line num="29" count="0" type="stmt"/>
      <line num="32" count="9" type="cond" truecount="6" falsecount="0"/>
      <line num="33" count="1" type="stmt"/>
      <line num="36" count="8" type="cond" truecount="6" falsecount="0"/>
      <line num="37" count="1" type="stmt"/>
      <line num="40" count="7" type="cond" truecount="6" falsecount="0"/>
      <line num="41" count="1" type="stmt"/>
      <line num="44" count="6" type="cond" truecount="6" falsecount="0"/>
      <line num="45" count="1" type="stmt"/>
      <line num="48" count="5" type="cond" truecount="6" falsecount="0"/>
      <line num="49" count="1" type="stmt"/>
      <line num="52" count="4" type="cond" truecount="6" falsecount="0"/>
      <line num="53" count="1" type="stmt"/>
      <line num="56" count="3" type="cond" truecount="6" falsecount="0"/>
      <line num="57" count="1" type="stmt"/>
      <line num="60" count="2" type="cond" truecount="6" falsecount="0"/>
      <line num="61" count="1" type="stmt"/>
      <line num="65" count="1" type="stmt"/>
      <line num="70" count="5" type="cond" truecount="2" falsecount="0"/>
      <line num="72" count="2" type="stmt"/>
      <line num="73" count="7" type="cond" truecount="4" falsecount="0"/>
      <line num="74" count="5" type="stmt"/>
      <line num="76" count="2" type="stmt"/>
      <line num="82" count="9" type="cond" truecount="4" falsecount="0"/>
      <line num="83" count="7" type="cond" truecount="4" falsecount="0"/>
      <line num="84" count="6" type="cond" truecount="4" falsecount="0"/>
      <line num="85" count="5" type="cond" truecount="4" falsecount="0"/>
      <line num="86" count="4" type="cond" truecount="4" falsecount="0"/>
      <line num="87" count="3" type="cond" truecount="4" falsecount="0"/>
      <line num="88" count="2" type="cond" truecount="4" falsecount="0"/>
      <line num="89" count="1" type="cond" truecount="3" falsecount="1"/>
      <line num="90" count="0" type="stmt"/>
      <line num="94" count="7" type="cond" truecount="5" falsecount="0"/>
      <line num="96" count="4" type="stmt"/>
      <line num="97" count="4" type="stmt"/>
      <line num="98" count="4" type="stmt"/>
      <line num="102" count="8" type="cond" truecount="2" falsecount="0"/>
      <line num="107" count="5" type="stmt"/>
      <line num="110" count="3" type="stmt"/>
      <line num="111" count="3" type="stmt"/>
      <line num="112" count="72" type="cond" truecount="4" falsecount="0"/>
      <line num="113" count="68" type="stmt"/>
      <line num="118" count="14" type="stmt"/>
      <line num="119" count="14" type="cond" truecount="2" falsecount="0"/>
      <line num="123" count="2" type="stmt"/>
      <line num="262" count="5" type="cond" truecount="2" falsecount="0"/>
      <line num="264" count="5" type="cond" truecount="2" falsecount="0"/>
      <line num="265" count="1" type="stmt"/>
      <line num="266" count="1" type="stmt"/>
      <line num="267" count="1" type="stmt"/>
      <line num="270" count="4" type="stmt"/>
      <line num="271" count="4" type="stmt"/>
      <line num="282" count="7" type="cond" truecount="5" falsecount="0"/>
      <line num="283" count="4" type="stmt"/>
      <line num="286" count="3" type="cond" truecount="2" falsecount="0"/>
      <line num="287" count="3" type="stmt"/>
      <line num="292" count="3" type="cond" truecount="2" falsecount="0"/>
      <line num="294" count="1" type="stmt"/>
      <line num="295" count="1" type="stmt"/>
      <line num="298" count="2" type="stmt"/>
      <line num="299" count="2" type="stmt"/>
      <line num="302" count="3" type="stmt"/>
      <line num="313" count="7" type="cond" truecount="4" falsecount="0"/>
      <line num="314" count="3" type="stmt"/>
      <line num="317" count="4" type="cond" truecount="2" falsecount="0"/>
      <line num="319" count="4" type="cond" truecount="2" falsecount="0"/>
      <line num="320" count="1" type="stmt"/>
      <line num="321" count="3" type="cond" truecount="2" falsecount="0"/>
      <line num="323" count="1" type="stmt"/>
      <line num="326" count="2" type="stmt"/>
      <line num="337" count="4" type="stmt"/>
      <line num="338" count="4" type="stmt"/>
      <line num="339" count="3" type="stmt"/>
      <line num="341" count="3" type="stmt"/>
      <line num="347" count="3" type="cond" truecount="2" falsecount="0"/>
      <line num="348" count="2" type="stmt"/>
      <line num="352" count="3" type="cond" truecount="2" falsecount="0"/>
      <line num="354" count="1" type="stmt"/>
      <line num="357" count="2" type="cond" truecount="2" falsecount="0"/>
      <line num="359" count="1" type="stmt"/>
      <line num="361" count="1" type="stmt"/>
      <line num="364" count="3" type="stmt"/>
      <line num="366" count="1" type="stmt"/>
      <line num="385" count="3" type="stmt"/>
      <line num="386" count="3" type="stmt"/>
      <line num="388" count="3" type="stmt"/>
      <line num="390" count="3" type="stmt"/>
      <line num="403" count="3" type="stmt"/>
      <line num="411" count="3" type="cond" truecount="2" falsecount="0"/>
      <line num="412" count="1" type="stmt"/>
      <line num="415" count="2" type="stmt"/>
      <line num="417" count="2" type="cond" truecount="4" falsecount="0"/>
      <line num="418" count="1" type="stmt"/>
      <line num="421" count="1" type="stmt"/>
      <line num="428" count="2" type="stmt"/>
      <line num="432" count="2" type="stmt"/>
    </file>
    <file name="assistive-calculator.js" path="C:\Users\sjun0\Projects\unit-tests\unit-tests\js\assistive-calculator.js">
      <metrics statements="36" coveredstatements="36" conditionals="30" coveredconditionals="27" methods="6" coveredmethods="6"/>
      <line num="8" count="3" type="stmt"/>
      <line num="11" count="3" type="stmt"/>
      <line num="14" count="3" type="stmt"/>
      <line num="15" count="5" type="cond" truecount="2" falsecount="0"/>
      <line num="16" count="5" type="cond" truecount="2" falsecount="0"/>
      <line num="17" count="5" type="cond" truecount="2" falsecount="0"/>
      <line num="20" count="5" type="cond" truecount="4" falsecount="0"/>
      <line num="21" count="3" type="stmt"/>
      <line num="25" count="3" type="stmt"/>
      <line num="33" count="2" type="stmt"/>
      <line num="34" count="2" type="stmt"/>
      <line num="36" count="2" type="stmt"/>
      <line num="37" count="2" type="stmt"/>
      <line num="45" count="2" type="stmt"/>
      <line num="57" count="7" type="stmt"/>
      <line num="58" count="7" type="cond" truecount="2" falsecount="0"/>
      <line num="59" count="7" type="cond" truecount="2" falsecount="0"/>
      <line num="62" count="7" type="stmt"/>
      <line num="63" count="7" type="cond" truecount="2" falsecount="0"/>
      <line num="64" count="7" type="cond" truecount="2" falsecount="0"/>
      <line num="67" count="7" type="stmt"/>
      <line num="68" count="7" type="stmt"/>
      <line num="71" count="7" type="stmt"/>
      <line num="72" count="7" type="stmt"/>
      <line num="75" count="7" type="stmt"/>
      <line num="76" count="7" type="stmt"/>
      <line num="78" count="7" type="stmt"/>
      <line num="93" count="5" type="stmt"/>
      <line num="104" count="5" type="cond" truecount="2" falsecount="0"/>
      <line num="105" count="3" type="stmt"/>
      <line num="111" count="5" type="cond" truecount="2" falsecount="0"/>
      <line num="112" count="2" type="stmt"/>
      <line num="118" count="5" type="cond" truecount="2" falsecount="0"/>
      <line num="119" count="1" type="stmt"/>
      <line num="126" count="5" type="stmt"/>
      <line num="129" count="1" type="stmt"/>
    </file>
    <file name="standard-calculator.js" path="C:\Users\sjun0\Projects\unit-tests\unit-tests\js\standard-calculator.js">
      <metrics statements="102" coveredstatements="101" conditionals="110" coveredconditionals="94" methods="11" coveredmethods="11"/>
      <line num="5" count="11" type="stmt"/>
      <line num="6" count="11" type="stmt"/>
      <line num="7" count="11" type="stmt"/>
      <line num="9" count="11" type="stmt"/>
      <line num="10" count="11" type="cond" truecount="2" falsecount="0"/>
      <line num="11" count="8" type="cond" truecount="2" falsecount="0"/>
      <line num="12" count="6" type="cond" truecount="2" falsecount="0"/>
      <line num="13" count="5" type="cond" truecount="2" falsecount="0"/>
      <line num="14" count="3" type="cond" truecount="2" falsecount="0"/>
      <line num="15" count="2" type="cond" truecount="2" falsecount="0"/>
      <line num="16" count="1" type="cond" truecount="1" falsecount="1"/>
      <line num="18" count="11" type="stmt"/>
      <line num="19" count="11" type="cond" truecount="4" falsecount="0"/>
      <line num="20" count="8" type="cond" truecount="2" falsecount="0"/>
      <line num="21" count="6" type="cond" truecount="2" falsecount="0"/>
      <line num="22" count="4" type="cond" truecount="1" falsecount="1"/>
      <line num="23" count="4" type="cond" truecount="1" falsecount="1"/>
      <line num="24" count="4" type="cond" truecount="1" falsecount="1"/>
      <line num="25" count="4" type="cond" truecount="2" falsecount="0"/>
      <line num="26" count="2" type="cond" truecount="2" falsecount="0"/>
      <line num="27" count="1" type="cond" truecount="1" falsecount="1"/>
      <line num="29" count="11" type="stmt"/>
      <line num="30" count="11" type="cond" truecount="2" falsecount="0"/>
      <line num="31" count="9" type="cond" truecount="2" falsecount="0"/>
      <line num="32" count="8" type="cond" truecount="2" falsecount="0"/>
      <line num="33" count="6" type="cond" truecount="1" falsecount="1"/>
      <line num="34" count="6" type="cond" truecount="1" falsecount="1"/>
      <line num="35" count="6" type="cond" truecount="2" falsecount="0"/>
      <line num="36" count="5" type="cond" truecount="1" falsecount="1"/>
      <line num="37" count="5" type="cond" truecount="1" falsecount="1"/>
      <line num="38" count="5" type="cond" truecount="2" falsecount="0"/>
      <line num="39" count="3" type="cond" truecount="2" falsecount="0"/>
      <line num="40" count="2" type="cond" truecount="1" falsecount="1"/>
      <line num="42" count="11" type="stmt"/>
      <line num="50" count="2" type="stmt"/>
      <line num="51" count="2" type="stmt"/>
      <line num="52" count="2" type="stmt"/>
      <line num="54" count="2" type="cond" truecount="4" falsecount="0"/>
      <line num="55" count="1" type="stmt"/>
      <line num="56" count="1" type="stmt"/>
      <line num="57" count="1" type="stmt"/>
      <line num="58" count="1" type="stmt"/>
      <line num="59" count="1" type="cond" truecount="3" falsecount="1"/>
      <line num="60" count="1" type="stmt"/>
      <line num="65" count="2" type="stmt"/>
      <line num="66" count="2" type="stmt"/>
      <line num="67" count="2" type="stmt"/>
      <line num="68" count="2" type="stmt"/>
      <line num="70" count="2" type="stmt"/>
      <line num="71" count="2" type="stmt"/>
      <line num="72" count="1" type="cond" truecount="1" falsecount="1"/>
      <line num="73" count="1" type="stmt"/>
      <line num="74" count="1" type="stmt"/>
      <line num="75" count="1" type="stmt"/>
      <line num="76" count="1" type="stmt"/>
      <line num="80" count="1" type="stmt"/>
      <line num="81" count="1" type="stmt"/>
      <line num="89" count="1" type="stmt"/>
      <line num="90" count="1" type="stmt"/>
      <line num="91" count="1" type="stmt"/>
      <line num="92" count="1" type="cond" truecount="1" falsecount="1"/>
      <line num="93" count="1" type="stmt"/>
      <line num="97" count="2" type="stmt"/>
      <line num="98" count="5" type="cond" truecount="4" falsecount="0"/>
      <line num="99" count="4" type="stmt"/>
      <line num="101" count="1" type="stmt"/>
      <line num="107" count="3" type="cond" truecount="4" falsecount="0"/>
      <line num="108" count="1" type="stmt"/>
      <line num="109" count="1" type="stmt"/>
      <line num="110" count="1" type="stmt"/>
      <line num="111" count="1" type="stmt"/>
      <line num="121" count="3" type="stmt"/>
      <line num="122" count="3" type="stmt"/>
      <line num="124" count="3" type="stmt"/>
      <line num="125" count="6" type="cond" truecount="1" falsecount="1"/>
      <line num="126" count="6" type="cond" truecount="2" falsecount="0"/>
      <line num="127" count="6" type="cond" truecount="1" falsecount="1"/>
      <line num="129" count="6" type="cond" truecount="5" falsecount="0"/>
      <line num="130" count="4" type="stmt"/>
      <line num="131" count="4" type="stmt"/>
      <line num="132" count="4" type="stmt"/>
      <line num="136" count="3" type="stmt"/>
      <line num="149" count="5" type="stmt"/>
      <line num="151" count="5" type="cond" truecount="4" falsecount="0"/>
      <line num="152" count="2" type="stmt"/>
      <line num="155" count="3" type="cond" truecount="2" falsecount="0"/>
      <line num="156" count="1" type="stmt"/>
      <line num="159" count="2" type="cond" truecount="4" falsecount="0"/>
      <line num="160" count="1" type="stmt"/>
      <line num="163" count="1" type="stmt"/>
      <line num="165" count="0" type="stmt"/>
      <line num="175" count="6" type="stmt"/>
      <line num="176" count="6" type="cond" truecount="2" falsecount="0"/>
      <line num="177" count="2" type="stmt"/>
      <line num="180" count="4" type="stmt"/>
      <line num="183" count="3" type="cond" truecount="4" falsecount="0"/>
      <line num="184" count="1" type="stmt"/>
      <line num="187" count="2" type="cond" truecount="4" falsecount="0"/>
      <line num="188" count="1" type="stmt"/>
      <line num="191" count="1" type="stmt"/>
      <line num="193" count="1" type="stmt"/>
      <line num="197" count="2" type="stmt"/>
    </file>
  </project>
</coverage>
