{"C:\\Users\\sjun0\\Projects\\unit-tests\\unit-tests\\js\\advanced-calculator.js": {"path":"C:\\Users\\sjun0\\Projects\\unit-tests\\unit-tests\\js\\advanced-calculator.js","statementMap":{"0":{"start":{"line":8,"column":4},"end":{"line":66,"column":5}},"1":{"start":{"line":9,"column":6},"end":{"line":9,"column":18}},"2":{"start":{"line":12,"column":9},"end":{"line":66,"column":5}},"3":{"start":{"line":13,"column":6},"end":{"line":13,"column":18}},"4":{"start":{"line":16,"column":9},"end":{"line":66,"column":5}},"5":{"start":{"line":17,"column":6},"end":{"line":17,"column":18}},"6":{"start":{"line":20,"column":9},"end":{"line":66,"column":5}},"7":{"start":{"line":21,"column":6},"end":{"line":21,"column":18}},"8":{"start":{"line":24,"column":9},"end":{"line":66,"column":5}},"9":{"start":{"line":25,"column":6},"end":{"line":25,"column":18}},"10":{"start":{"line":28,"column":9},"end":{"line":66,"column":5}},"11":{"start":{"line":29,"column":6},"end":{"line":29,"column":18}},"12":{"start":{"line":32,"column":9},"end":{"line":66,"column":5}},"13":{"start":{"line":33,"column":6},"end":{"line":33,"column":18}},"14":{"start":{"line":36,"column":9},"end":{"line":66,"column":5}},"15":{"start":{"line":37,"column":6},"end":{"line":37,"column":18}},"16":{"start":{"line":40,"column":9},"end":{"line":66,"column":5}},"17":{"start":{"line":41,"column":6},"end":{"line":41,"column":18}},"18":{"start":{"line":44,"column":9},"end":{"line":66,"column":5}},"19":{"start":{"line":45,"column":6},"end":{"line":45,"column":18}},"20":{"start":{"line":48,"column":9},"end":{"line":66,"column":5}},"21":{"start":{"line":49,"column":6},"end":{"line":49,"column":18}},"22":{"start":{"line":52,"column":9},"end":{"line":66,"column":5}},"23":{"start":{"line":53,"column":6},"end":{"line":53,"column":18}},"24":{"start":{"line":56,"column":9},"end":{"line":66,"column":5}},"25":{"start":{"line":57,"column":6},"end":{"line":57,"column":18}},"26":{"start":{"line":60,"column":9},"end":{"line":66,"column":5}},"27":{"start":{"line":61,"column":6},"end":{"line":61,"column":18}},"28":{"start":{"line":65,"column":6},"end":{"line":65,"column":18}},"29":{"start":{"line":70,"column":2},"end":{"line":70,"column":43}},"30":{"start":{"line":70,"column":34},"end":{"line":70,"column":43}},"31":{"start":{"line":72,"column":2},"end":{"line":77,"column":8}},"32":{"start":{"line":73,"column":4},"end":{"line":75,"column":5}},"33":{"start":{"line":74,"column":6},"end":{"line":74,"column":25}},"34":{"start":{"line":76,"column":4},"end":{"line":76,"column":15}},"35":{"start":{"line":82,"column":2},"end":{"line":82,"column":62}},"36":{"start":{"line":82,"column":42},"end":{"line":82,"column":62}},"37":{"start":{"line":83,"column":2},"end":{"line":83,"column":66}},"38":{"start":{"line":83,"column":41},"end":{"line":83,"column":66}},"39":{"start":{"line":84,"column":2},"end":{"line":84,"column":62}},"40":{"start":{"line":84,"column":42},"end":{"line":84,"column":62}},"41":{"start":{"line":85,"column":2},"end":{"line":85,"column":69}},"42":{"start":{"line":85,"column":43},"end":{"line":85,"column":69}},"43":{"start":{"line":86,"column":2},"end":{"line":86,"column":65}},"44":{"start":{"line":86,"column":43},"end":{"line":86,"column":65}},"45":{"start":{"line":87,"column":2},"end":{"line":87,"column":69}},"46":{"start":{"line":87,"column":43},"end":{"line":87,"column":69}},"47":{"start":{"line":88,"column":2},"end":{"line":88,"column":64}},"48":{"start":{"line":88,"column":43},"end":{"line":88,"column":64}},"49":{"start":{"line":89,"column":2},"end":{"line":89,"column":69}},"50":{"start":{"line":89,"column":43},"end":{"line":89,"column":69}},"51":{"start":{"line":90,"column":2},"end":{"line":90,"column":32}},"52":{"start":{"line":94,"column":2},"end":{"line":94,"column":77}},"53":{"start":{"line":94,"column":68},"end":{"line":94,"column":77}},"54":{"start":{"line":96,"column":18},"end":{"line":96,"column":52}},"55":{"start":{"line":97,"column":22},"end":{"line":97,"column":51}},"56":{"start":{"line":98,"column":2},"end":{"line":98,"column":34}},"57":{"start":{"line":102,"column":2},"end":{"line":108,"column":3}},"58":{"start":{"line":107,"column":4},"end":{"line":107,"column":29}},"59":{"start":{"line":110,"column":23},"end":{"line":110,"column":59}},"60":{"start":{"line":111,"column":2},"end":{"line":114,"column":5}},"61":{"start":{"line":112,"column":4},"end":{"line":112,"column":49}},"62":{"start":{"line":112,"column":40},"end":{"line":112,"column":49}},"63":{"start":{"line":113,"column":4},"end":{"line":113,"column":30}},"64":{"start":{"line":118,"column":22},"end":{"line":118,"column":70}},"65":{"start":{"line":119,"column":2},"end":{"line":119,"column":38}},"66":{"start":{"line":123,"column":20},"end":{"line":259,"column":1}},"67":{"start":{"line":262,"column":18},"end":{"line":262,"column":42}},"68":{"start":{"line":264,"column":2},"end":{"line":268,"column":3}},"69":{"start":{"line":265,"column":4},"end":{"line":265,"column":64}},"70":{"start":{"line":266,"column":4},"end":{"line":266,"column":69}},"71":{"start":{"line":267,"column":4},"end":{"line":267,"column":11}},"72":{"start":{"line":270,"column":2},"end":{"line":270,"column":76}},"73":{"start":{"line":271,"column":2},"end":{"line":271,"column":79}},"74":{"start":{"line":282,"column":2},"end":{"line":284,"column":3}},"75":{"start":{"line":283,"column":4},"end":{"line":283,"column":51}},"76":{"start":{"line":286,"column":18},"end":{"line":286,"column":49}},"77":{"start":{"line":287,"column":26},"end":{"line":287,"column":38}},"78":{"start":{"line":292,"column":2},"end":{"line":300,"column":3}},"79":{"start":{"line":294,"column":4},"end":{"line":294,"column":82}},"80":{"start":{"line":295,"column":4},"end":{"line":295,"column":74}},"81":{"start":{"line":298,"column":4},"end":{"line":298,"column":59}},"82":{"start":{"line":299,"column":4},"end":{"line":299,"column":51}},"83":{"start":{"line":302,"column":2},"end":{"line":302,"column":43}},"84":{"start":{"line":313,"column":2},"end":{"line":315,"column":3}},"85":{"start":{"line":314,"column":4},"end":{"line":314,"column":13}},"86":{"start":{"line":317,"column":18},"end":{"line":317,"column":49}},"87":{"start":{"line":319,"column":2},"end":{"line":327,"column":3}},"88":{"start":{"line":320,"column":4},"end":{"line":320,"column":18}},"89":{"start":{"line":321,"column":9},"end":{"line":327,"column":3}},"90":{"start":{"line":323,"column":4},"end":{"line":323,"column":41}},"91":{"start":{"line":326,"column":4},"end":{"line":326,"column":41}},"92":{"start":{"line":337,"column":2},"end":{"line":370,"column":3}},"93":{"start":{"line":338,"column":21},"end":{"line":338,"column":96}},"94":{"start":{"line":339,"column":17},"end":{"line":339,"column":38}},"95":{"start":{"line":341,"column":19},"end":{"line":344,"column":5}},"96":{"start":{"line":347,"column":4},"end":{"line":349,"column":5}},"97":{"start":{"line":348,"column":6},"end":{"line":348,"column":42}},"98":{"start":{"line":352,"column":4},"end":{"line":362,"column":5}},"99":{"start":{"line":354,"column":6},"end":{"line":354,"column":57}},"100":{"start":{"line":357,"column":9},"end":{"line":362,"column":5}},"101":{"start":{"line":359,"column":23},"end":{"line":359,"column":49}},"102":{"start":{"line":361,"column":6},"end":{"line":361,"column":40}},"103":{"start":{"line":364,"column":4},"end":{"line":364,"column":18}},"104":{"start":{"line":366,"column":4},"end":{"line":369,"column":6}},"105":{"start":{"line":385,"column":2},"end":{"line":429,"column":3}},"106":{"start":{"line":386,"column":58},"end":{"line":386,"column":64}},"107":{"start":{"line":388,"column":19},"end":{"line":388,"column":84}},"108":{"start":{"line":390,"column":20},"end":{"line":401,"column":5}},"109":{"start":{"line":403,"column":21},"end":{"line":409,"column":6}},"110":{"start":{"line":411,"column":4},"end":{"line":413,"column":5}},"111":{"start":{"line":412,"column":6},"end":{"line":412,"column":64}},"112":{"start":{"line":415,"column":17},"end":{"line":415,"column":38}},"113":{"start":{"line":417,"column":4},"end":{"line":419,"column":5}},"114":{"start":{"line":418,"column":6},"end":{"line":418,"column":47}},"115":{"start":{"line":421,"column":4},"end":{"line":426,"column":6}},"116":{"start":{"line":428,"column":4},"end":{"line":428,"column":16}},"117":{"start":{"line":432,"column":0},"end":{"line":446,"column":2}}},"fnMap":{"0":{"name":"detectCountry","decl":{"start":{"line":3,"column":9},"end":{"line":3,"column":22}},"loc":{"start":{"line":3,"column":33},"end":{"line":67,"column":1}},"line":3},"1":{"name":"calculateTotalFromHourlyData","decl":{"start":{"line":69,"column":9},"end":{"line":69,"column":37}},"loc":{"start":{"line":69,"column":50},"end":{"line":78,"column":1}},"line":69},"2":{"name":"(anonymous_2)","decl":{"start":{"line":72,"column":27},"end":{"line":72,"column":28}},"loc":{"start":{"line":72,"column":43},"end":{"line":77,"column":3}},"line":72},"3":{"name":"getAzimuthDirection","decl":{"start":{"line":80,"column":9},"end":{"line":80,"column":28}},"loc":{"start":{"line":80,"column":38},"end":{"line":91,"column":1}},"line":80},"4":{"name":"getRecommendedSystemSize","decl":{"start":{"line":93,"column":9},"end":{"line":93,"column":33}},"loc":{"start":{"line":93,"column":61},"end":{"line":99,"column":1}},"line":93},"5":{"name":"extractMonthlyHourlyProfile","decl":{"start":{"line":101,"column":9},"end":{"line":101,"column":36}},"loc":{"start":{"line":101,"column":79},"end":{"line":115,"column":1}},"line":101},"6":{"name":"(anonymous_6)","decl":{"start":{"line":111,"column":26},"end":{"line":111,"column":27}},"loc":{"start":{"line":111,"column":35},"end":{"line":114,"column":3}},"line":111},"7":{"name":"getDaysInMonth","decl":{"start":{"line":117,"column":9},"end":{"line":117,"column":23}},"loc":{"start":{"line":117,"column":36},"end":{"line":120,"column":1}},"line":117},"8":{"name":"updateCurrencyDisplay","decl":{"start":{"line":261,"column":9},"end":{"line":261,"column":30}},"loc":{"start":{"line":261,"column":57},"end":{"line":272,"column":1}},"line":261},"9":{"name":"calculateMonthlySavings","decl":{"start":{"line":281,"column":9},"end":{"line":281,"column":32}},"loc":{"start":{"line":281,"column":80},"end":{"line":303,"column":1}},"line":281},"10":{"name":"convertCurrency","decl":{"start":{"line":312,"column":9},"end":{"line":312,"column":24}},"loc":{"start":{"line":312,"column":66},"end":{"line":328,"column":1}},"line":312},"11":{"name":"fetchOpta","decl":{"start":{"line":336,"column":15},"end":{"line":336,"column":24}},"loc":{"start":{"line":336,"column":35},"end":{"line":371,"column":1}},"line":336},"12":{"name":"fetchSolargisData","decl":{"start":{"line":384,"column":15},"end":{"line":384,"column":32}},"loc":{"start":{"line":384,"column":41},"end":{"line":430,"column":1}},"line":384}},"branchMap":{"0":{"loc":{"start":{"line":8,"column":4},"end":{"line":66,"column":5}},"type":"if","locations":[{"start":{"line":8,"column":4},"end":{"line":66,"column":5}},{"start":{"line":12,"column":9},"end":{"line":66,"column":5}}],"line":8},"1":{"loc":{"start":{"line":8,"column":8},"end":{"line":8,"column":56}},"type":"binary-expr","locations":[{"start":{"line":8,"column":8},"end":{"line":8,"column":17}},{"start":{"line":8,"column":21},"end":{"line":8,"column":30}},{"start":{"line":8,"column":34},"end":{"line":8,"column":43}},{"start":{"line":8,"column":47},"end":{"line":8,"column":56}}],"line":8},"2":{"loc":{"start":{"line":12,"column":9},"end":{"line":66,"column":5}},"type":"if","locations":[{"start":{"line":12,"column":9},"end":{"line":66,"column":5}},{"start":{"line":16,"column":9},"end":{"line":66,"column":5}}],"line":12},"3":{"loc":{"start":{"line":12,"column":13},"end":{"line":12,"column":59}},"type":"binary-expr","locations":[{"start":{"line":12,"column":13},"end":{"line":12,"column":22}},{"start":{"line":12,"column":26},"end":{"line":12,"column":35}},{"start":{"line":12,"column":39},"end":{"line":12,"column":48}},{"start":{"line":12,"column":52},"end":{"line":12,"column":59}}],"line":12},"4":{"loc":{"start":{"line":16,"column":9},"end":{"line":66,"column":5}},"type":"if","locations":[{"start":{"line":16,"column":9},"end":{"line":66,"column":5}},{"start":{"line":20,"column":9},"end":{"line":66,"column":5}}],"line":16},"5":{"loc":{"start":{"line":16,"column":13},"end":{"line":16,"column":59}},"type":"binary-expr","locations":[{"start":{"line":16,"column":13},"end":{"line":16,"column":21}},{"start":{"line":16,"column":25},"end":{"line":16,"column":33}},{"start":{"line":16,"column":37},"end":{"line":16,"column":46}},{"start":{"line":16,"column":50},"end":{"line":16,"column":59}}],"line":16},"6":{"loc":{"start":{"line":20,"column":9},"end":{"line":66,"column":5}},"type":"if","locations":[{"start":{"line":20,"column":9},"end":{"line":66,"column":5}},{"start":{"line":24,"column":9},"end":{"line":66,"column":5}}],"line":20},"7":{"loc":{"start":{"line":20,"column":13},"end":{"line":20,"column":59}},"type":"binary-expr","locations":[{"start":{"line":20,"column":13},"end":{"line":20,"column":21}},{"start":{"line":20,"column":25},"end":{"line":20,"column":33}},{"start":{"line":20,"column":37},"end":{"line":20,"column":46}},{"start":{"line":20,"column":50},"end":{"line":20,"column":59}}],"line":20},"8":{"loc":{"start":{"line":24,"column":9},"end":{"line":66,"column":5}},"type":"if","locations":[{"start":{"line":24,"column":9},"end":{"line":66,"column":5}},{"start":{"line":28,"column":9},"end":{"line":66,"column":5}}],"line":24},"9":{"loc":{"start":{"line":24,"column":13},"end":{"line":24,"column":58}},"type":"binary-expr","locations":[{"start":{"line":24,"column":13},"end":{"line":24,"column":21}},{"start":{"line":24,"column":25},"end":{"line":24,"column":33}},{"start":{"line":24,"column":37},"end":{"line":24,"column":45}},{"start":{"line":24,"column":49},"end":{"line":24,"column":58}}],"line":24},"10":{"loc":{"start":{"line":28,"column":9},"end":{"line":66,"column":5}},"type":"if","locations":[{"start":{"line":28,"column":9},"end":{"line":66,"column":5}},{"start":{"line":32,"column":9},"end":{"line":66,"column":5}}],"line":28},"11":{"loc":{"start":{"line":28,"column":13},"end":{"line":28,"column":56}},"type":"binary-expr","locations":[{"start":{"line":28,"column":13},"end":{"line":28,"column":20}},{"start":{"line":28,"column":24},"end":{"line":28,"column":32}},{"start":{"line":28,"column":36},"end":{"line":28,"column":44}},{"start":{"line":28,"column":48},"end":{"line":28,"column":56}}],"line":28},"12":{"loc":{"start":{"line":32,"column":9},"end":{"line":66,"column":5}},"type":"if","locations":[{"start":{"line":32,"column":9},"end":{"line":66,"column":5}},{"start":{"line":36,"column":9},"end":{"line":66,"column":5}}],"line":32},"13":{"loc":{"start":{"line":32,"column":13},"end":{"line":32,"column":56}},"type":"binary-expr","locations":[{"start":{"line":32,"column":13},"end":{"line":32,"column":21}},{"start":{"line":32,"column":25},"end":{"line":32,"column":33}},{"start":{"line":32,"column":37},"end":{"line":32,"column":45}},{"start":{"line":32,"column":49},"end":{"line":32,"column":56}}],"line":32},"14":{"loc":{"start":{"line":36,"column":9},"end":{"line":66,"column":5}},"type":"if","locations":[{"start":{"line":36,"column":9},"end":{"line":66,"column":5}},{"start":{"line":40,"column":9},"end":{"line":66,"column":5}}],"line":36},"15":{"loc":{"start":{"line":36,"column":13},"end":{"line":36,"column":56}},"type":"binary-expr","locations":[{"start":{"line":36,"column":13},"end":{"line":36,"column":21}},{"start":{"line":36,"column":25},"end":{"line":36,"column":33}},{"start":{"line":36,"column":37},"end":{"line":36,"column":44}},{"start":{"line":36,"column":48},"end":{"line":36,"column":56}}],"line":36},"16":{"loc":{"start":{"line":40,"column":9},"end":{"line":66,"column":5}},"type":"if","locations":[{"start":{"line":40,"column":9},"end":{"line":66,"column":5}},{"start":{"line":44,"column":9},"end":{"line":66,"column":5}}],"line":40},"17":{"loc":{"start":{"line":40,"column":13},"end":{"line":40,"column":57}},"type":"binary-expr","locations":[{"start":{"line":40,"column":13},"end":{"line":40,"column":21}},{"start":{"line":40,"column":25},"end":{"line":40,"column":33}},{"start":{"line":40,"column":37},"end":{"line":40,"column":45}},{"start":{"line":40,"column":49},"end":{"line":40,"column":57}}],"line":40},"18":{"loc":{"start":{"line":44,"column":9},"end":{"line":66,"column":5}},"type":"if","locations":[{"start":{"line":44,"column":9},"end":{"line":66,"column":5}},{"start":{"line":48,"column":9},"end":{"line":66,"column":5}}],"line":44},"19":{"loc":{"start":{"line":44,"column":13},"end":{"line":44,"column":56}},"type":"binary-expr","locations":[{"start":{"line":44,"column":13},"end":{"line":44,"column":21}},{"start":{"line":44,"column":25},"end":{"line":44,"column":33}},{"start":{"line":44,"column":37},"end":{"line":44,"column":44}},{"start":{"line":44,"column":48},"end":{"line":44,"column":56}}],"line":44},"20":{"loc":{"start":{"line":48,"column":9},"end":{"line":66,"column":5}},"type":"if","locations":[{"start":{"line":48,"column":9},"end":{"line":66,"column":5}},{"start":{"line":52,"column":9},"end":{"line":66,"column":5}}],"line":48},"21":{"loc":{"start":{"line":48,"column":13},"end":{"line":48,"column":57}},"type":"binary-expr","locations":[{"start":{"line":48,"column":13},"end":{"line":48,"column":21}},{"start":{"line":48,"column":25},"end":{"line":48,"column":33}},{"start":{"line":48,"column":37},"end":{"line":48,"column":46}},{"start":{"line":48,"column":50},"end":{"line":48,"column":57}}],"line":48},"22":{"loc":{"start":{"line":52,"column":9},"end":{"line":66,"column":5}},"type":"if","locations":[{"start":{"line":52,"column":9},"end":{"line":66,"column":5}},{"start":{"line":56,"column":9},"end":{"line":66,"column":5}}],"line":52},"23":{"loc":{"start":{"line":52,"column":13},"end":{"line":52,"column":60}},"type":"binary-expr","locations":[{"start":{"line":52,"column":13},"end":{"line":52,"column":21}},{"start":{"line":52,"column":25},"end":{"line":52,"column":33}},{"start":{"line":52,"column":37},"end":{"line":52,"column":47}},{"start":{"line":52,"column":51},"end":{"line":52,"column":60}}],"line":52},"24":{"loc":{"start":{"line":56,"column":9},"end":{"line":66,"column":5}},"type":"if","locations":[{"start":{"line":56,"column":9},"end":{"line":66,"column":5}},{"start":{"line":60,"column":9},"end":{"line":66,"column":5}}],"line":56},"25":{"loc":{"start":{"line":56,"column":13},"end":{"line":56,"column":59}},"type":"binary-expr","locations":[{"start":{"line":56,"column":13},"end":{"line":56,"column":22}},{"start":{"line":56,"column":26},"end":{"line":56,"column":33}},{"start":{"line":56,"column":37},"end":{"line":56,"column":46}},{"start":{"line":56,"column":50},"end":{"line":56,"column":59}}],"line":56},"26":{"loc":{"start":{"line":60,"column":9},"end":{"line":66,"column":5}},"type":"if","locations":[{"start":{"line":60,"column":9},"end":{"line":66,"column":5}},{"start":{"line":64,"column":9},"end":{"line":66,"column":5}}],"line":60},"27":{"loc":{"start":{"line":60,"column":13},"end":{"line":60,"column":59}},"type":"binary-expr","locations":[{"start":{"line":60,"column":13},"end":{"line":60,"column":22}},{"start":{"line":60,"column":26},"end":{"line":60,"column":35}},{"start":{"line":60,"column":39},"end":{"line":60,"column":47}},{"start":{"line":60,"column":51},"end":{"line":60,"column":59}}],"line":60},"28":{"loc":{"start":{"line":70,"column":2},"end":{"line":70,"column":43}},"type":"if","locations":[{"start":{"line":70,"column":2},"end":{"line":70,"column":43}},{"start":{},"end":{}}],"line":70},"29":{"loc":{"start":{"line":73,"column":4},"end":{"line":75,"column":5}},"type":"if","locations":[{"start":{"line":73,"column":4},"end":{"line":75,"column":5}},{"start":{},"end":{}}],"line":73},"30":{"loc":{"start":{"line":73,"column":8},"end":{"line":73,"column":39}},"type":"binary-expr","locations":[{"start":{"line":73,"column":8},"end":{"line":73,"column":22}},{"start":{"line":73,"column":26},"end":{"line":73,"column":39}}],"line":73},"31":{"loc":{"start":{"line":82,"column":2},"end":{"line":82,"column":62}},"type":"if","locations":[{"start":{"line":82,"column":2},"end":{"line":82,"column":62}},{"start":{},"end":{}}],"line":82},"32":{"loc":{"start":{"line":82,"column":6},"end":{"line":82,"column":40}},"type":"binary-expr","locations":[{"start":{"line":82,"column":6},"end":{"line":82,"column":22}},{"start":{"line":82,"column":26},"end":{"line":82,"column":40}}],"line":82},"33":{"loc":{"start":{"line":83,"column":2},"end":{"line":83,"column":66}},"type":"if","locations":[{"start":{"line":83,"column":2},"end":{"line":83,"column":66}},{"start":{},"end":{}}],"line":83},"34":{"loc":{"start":{"line":83,"column":6},"end":{"line":83,"column":39}},"type":"binary-expr","locations":[{"start":{"line":83,"column":6},"end":{"line":83,"column":21}},{"start":{"line":83,"column":25},"end":{"line":83,"column":39}}],"line":83},"35":{"loc":{"start":{"line":84,"column":2},"end":{"line":84,"column":62}},"type":"if","locations":[{"start":{"line":84,"column":2},"end":{"line":84,"column":62}},{"start":{},"end":{}}],"line":84},"36":{"loc":{"start":{"line":84,"column":6},"end":{"line":84,"column":40}},"type":"binary-expr","locations":[{"start":{"line":84,"column":6},"end":{"line":84,"column":21}},{"start":{"line":84,"column":25},"end":{"line":84,"column":40}}],"line":84},"37":{"loc":{"start":{"line":85,"column":2},"end":{"line":85,"column":69}},"type":"if","locations":[{"start":{"line":85,"column":2},"end":{"line":85,"column":69}},{"start":{},"end":{}}],"line":85},"38":{"loc":{"start":{"line":85,"column":6},"end":{"line":85,"column":41}},"type":"binary-expr","locations":[{"start":{"line":85,"column":6},"end":{"line":85,"column":22}},{"start":{"line":85,"column":26},"end":{"line":85,"column":41}}],"line":85},"39":{"loc":{"start":{"line":86,"column":2},"end":{"line":86,"column":65}},"type":"if","locations":[{"start":{"line":86,"column":2},"end":{"line":86,"column":65}},{"start":{},"end":{}}],"line":86},"40":{"loc":{"start":{"line":86,"column":6},"end":{"line":86,"column":41}},"type":"binary-expr","locations":[{"start":{"line":86,"column":6},"end":{"line":86,"column":22}},{"start":{"line":86,"column":26},"end":{"line":86,"column":41}}],"line":86},"41":{"loc":{"start":{"line":87,"column":2},"end":{"line":87,"column":69}},"type":"if","locations":[{"start":{"line":87,"column":2},"end":{"line":87,"column":69}},{"start":{},"end":{}}],"line":87},"42":{"loc":{"start":{"line":87,"column":6},"end":{"line":87,"column":41}},"type":"binary-expr","locations":[{"start":{"line":87,"column":6},"end":{"line":87,"column":22}},{"start":{"line":87,"column":26},"end":{"line":87,"column":41}}],"line":87},"43":{"loc":{"start":{"line":88,"column":2},"end":{"line":88,"column":64}},"type":"if","locations":[{"start":{"line":88,"column":2},"end":{"line":88,"column":64}},{"start":{},"end":{}}],"line":88},"44":{"loc":{"start":{"line":88,"column":6},"end":{"line":88,"column":41}},"type":"binary-expr","locations":[{"start":{"line":88,"column":6},"end":{"line":88,"column":22}},{"start":{"line":88,"column":26},"end":{"line":88,"column":41}}],"line":88},"45":{"loc":{"start":{"line":89,"column":2},"end":{"line":89,"column":69}},"type":"if","locations":[{"start":{"line":89,"column":2},"end":{"line":89,"column":69}},{"start":{},"end":{}}],"line":89},"46":{"loc":{"start":{"line":89,"column":6},"end":{"line":89,"column":41}},"type":"binary-expr","locations":[{"start":{"line":89,"column":6},"end":{"line":89,"column":22}},{"start":{"line":89,"column":26},"end":{"line":89,"column":41}}],"line":89},"47":{"loc":{"start":{"line":94,"column":2},"end":{"line":94,"column":77}},"type":"if","locations":[{"start":{"line":94,"column":2},"end":{"line":94,"column":77}},{"start":{},"end":{}}],"line":94},"48":{"loc":{"start":{"line":94,"column":6},"end":{"line":94,"column":66}},"type":"binary-expr","locations":[{"start":{"line":94,"column":6},"end":{"line":94,"column":20}},{"start":{"line":94,"column":24},"end":{"line":94,"column":44}},{"start":{"line":94,"column":48},"end":{"line":94,"column":66}}],"line":94},"49":{"loc":{"start":{"line":101,"column":63},"end":{"line":101,"column":77}},"type":"default-arg","locations":[{"start":{"line":101,"column":76},"end":{"line":101,"column":77}}],"line":101},"50":{"loc":{"start":{"line":102,"column":2},"end":{"line":108,"column":3}},"type":"if","locations":[{"start":{"line":102,"column":2},"end":{"line":108,"column":3}},{"start":{},"end":{}}],"line":102},"51":{"loc":{"start":{"line":103,"column":4},"end":{"line":105,"column":56}},"type":"binary-expr","locations":[{"start":{"line":103,"column":4},"end":{"line":103,"column":22}},{"start":{"line":104,"column":4},"end":{"line":104,"column":49}},{"start":{"line":105,"column":4},"end":{"line":105,"column":56}}],"line":103},"52":{"loc":{"start":{"line":112,"column":4},"end":{"line":112,"column":49}},"type":"if","locations":[{"start":{"line":112,"column":4},"end":{"line":112,"column":49}},{"start":{},"end":{}}],"line":112},"53":{"loc":{"start":{"line":112,"column":8},"end":{"line":112,"column":38}},"type":"binary-expr","locations":[{"start":{"line":112,"column":8},"end":{"line":112,"column":22}},{"start":{"line":112,"column":26},"end":{"line":112,"column":38}}],"line":112},"54":{"loc":{"start":{"line":119,"column":9},"end":{"line":119,"column":37}},"type":"binary-expr","locations":[{"start":{"line":119,"column":9},"end":{"line":119,"column":32}},{"start":{"line":119,"column":36},"end":{"line":119,"column":37}}],"line":119},"55":{"loc":{"start":{"line":261,"column":37},"end":{"line":261,"column":55}},"type":"default-arg","locations":[{"start":{"line":261,"column":44},"end":{"line":261,"column":55}}],"line":261},"56":{"loc":{"start":{"line":262,"column":18},"end":{"line":262,"column":42}},"type":"binary-expr","locations":[{"start":{"line":262,"column":18},"end":{"line":262,"column":28}},{"start":{"line":262,"column":32},"end":{"line":262,"column":42}}],"line":262},"57":{"loc":{"start":{"line":264,"column":2},"end":{"line":268,"column":3}},"type":"if","locations":[{"start":{"line":264,"column":2},"end":{"line":268,"column":3}},{"start":{},"end":{}}],"line":264},"58":{"loc":{"start":{"line":281,"column":60},"end":{"line":281,"column":78}},"type":"default-arg","locations":[{"start":{"line":281,"column":67},"end":{"line":281,"column":78}}],"line":281},"59":{"loc":{"start":{"line":282,"column":2},"end":{"line":284,"column":3}},"type":"if","locations":[{"start":{"line":282,"column":2},"end":{"line":284,"column":3}},{"start":{},"end":{}}],"line":282},"60":{"loc":{"start":{"line":282,"column":6},"end":{"line":282,"column":63}},"type":"binary-expr","locations":[{"start":{"line":282,"column":6},"end":{"line":282,"column":19}},{"start":{"line":282,"column":23},"end":{"line":282,"column":42}},{"start":{"line":282,"column":46},"end":{"line":282,"column":63}}],"line":282},"61":{"loc":{"start":{"line":286,"column":18},"end":{"line":286,"column":49}},"type":"binary-expr","locations":[{"start":{"line":286,"column":18},"end":{"line":286,"column":35}},{"start":{"line":286,"column":39},"end":{"line":286,"column":49}}],"line":286},"62":{"loc":{"start":{"line":292,"column":2},"end":{"line":300,"column":3}},"type":"if","locations":[{"start":{"line":292,"column":2},"end":{"line":300,"column":3}},{"start":{"line":296,"column":9},"end":{"line":300,"column":3}}],"line":292},"63":{"loc":{"start":{"line":312,"column":46},"end":{"line":312,"column":64}},"type":"default-arg","locations":[{"start":{"line":312,"column":53},"end":{"line":312,"column":64}}],"line":312},"64":{"loc":{"start":{"line":313,"column":2},"end":{"line":315,"column":3}},"type":"if","locations":[{"start":{"line":313,"column":2},"end":{"line":315,"column":3}},{"start":{},"end":{}}],"line":313},"65":{"loc":{"start":{"line":313,"column":6},"end":{"line":313,"column":30}},"type":"binary-expr","locations":[{"start":{"line":313,"column":6},"end":{"line":313,"column":13}},{"start":{"line":313,"column":17},"end":{"line":313,"column":30}}],"line":313},"66":{"loc":{"start":{"line":317,"column":18},"end":{"line":317,"column":49}},"type":"binary-expr","locations":[{"start":{"line":317,"column":18},"end":{"line":317,"column":35}},{"start":{"line":317,"column":39},"end":{"line":317,"column":49}}],"line":317},"67":{"loc":{"start":{"line":319,"column":2},"end":{"line":327,"column":3}},"type":"if","locations":[{"start":{"line":319,"column":2},"end":{"line":327,"column":3}},{"start":{"line":321,"column":9},"end":{"line":327,"column":3}}],"line":319},"68":{"loc":{"start":{"line":321,"column":9},"end":{"line":327,"column":3}},"type":"if","locations":[{"start":{"line":321,"column":9},"end":{"line":327,"column":3}},{"start":{"line":324,"column":9},"end":{"line":327,"column":3}}],"line":321},"69":{"loc":{"start":{"line":347,"column":4},"end":{"line":349,"column":5}},"type":"if","locations":[{"start":{"line":347,"column":4},"end":{"line":349,"column":5}},{"start":{},"end":{}}],"line":347},"70":{"loc":{"start":{"line":352,"column":4},"end":{"line":362,"column":5}},"type":"if","locations":[{"start":{"line":352,"column":4},"end":{"line":362,"column":5}},{"start":{"line":357,"column":9},"end":{"line":362,"column":5}}],"line":352},"71":{"loc":{"start":{"line":357,"column":9},"end":{"line":362,"column":5}},"type":"if","locations":[{"start":{"line":357,"column":9},"end":{"line":362,"column":5}},{"start":{},"end":{}}],"line":357},"72":{"loc":{"start":{"line":411,"column":4},"end":{"line":413,"column":5}},"type":"if","locations":[{"start":{"line":411,"column":4},"end":{"line":413,"column":5}},{"start":{},"end":{}}],"line":411},"73":{"loc":{"start":{"line":417,"column":4},"end":{"line":419,"column":5}},"type":"if","locations":[{"start":{"line":417,"column":4},"end":{"line":419,"column":5}},{"start":{},"end":{}}],"line":417},"74":{"loc":{"start":{"line":417,"column":8},"end":{"line":417,"column":51}},"type":"binary-expr","locations":[{"start":{"line":417,"column":8},"end":{"line":417,"column":27}},{"start":{"line":417,"column":31},"end":{"line":417,"column":51}}],"line":417}},"s":{"0":15,"1":1,"2":14,"3":1,"4":13,"5":1,"6":12,"7":1,"8":11,"9":2,"10":9,"11":0,"12":9,"13":1,"14":8,"15":1,"16":7,"17":1,"18":6,"19":1,"20":5,"21":1,"22":4,"23":1,"24":3,"25":1,"26":2,"27":1,"28":1,"29":5,"30":3,"31":2,"32":7,"33":5,"34":2,"35":9,"36":2,"37":7,"38":1,"39":6,"40":1,"41":5,"42":1,"43":4,"44":1,"45":3,"46":1,"47":2,"48":1,"49":1,"50":1,"51":0,"52":7,"53":3,"54":4,"55":4,"56":4,"57":8,"58":5,"59":3,"60":3,"61":72,"62":4,"63":68,"64":14,"65":14,"66":2,"67":5,"68":5,"69":1,"70":1,"71":1,"72":4,"73":4,"74":7,"75":4,"76":3,"77":3,"78":3,"79":1,"80":1,"81":2,"82":2,"83":3,"84":7,"85":3,"86":4,"87":4,"88":1,"89":3,"90":1,"91":2,"92":4,"93":4,"94":3,"95":3,"96":3,"97":2,"98":3,"99":1,"100":2,"101":1,"102":1,"103":3,"104":1,"105":3,"106":3,"107":3,"108":3,"109":3,"110":3,"111":1,"112":2,"113":2,"114":1,"115":1,"116":2,"117":2},"f":{"0":15,"1":5,"2":7,"3":9,"4":7,"5":8,"6":72,"7":14,"8":5,"9":7,"10":7,"11":4,"12":3},"b":{"0":[1,14],"1":[15,3,3,1],"2":[1,13],"3":[14,1,1,1],"4":[1,12],"5":[13,9,5,1],"6":[1,11],"7":[12,8,2,1],"8":[2,9],"9":[11,8,8,2],"10":[0,9],"11":[9,6,0,0],"12":[1,8],"13":[9,3,3,2],"14":[1,7],"15":[8,2,2,1],"16":[1,6],"17":[7,3,3,2],"18":[1,5],"19":[6,3,2,1],"20":[1,4],"21":[5,2,1,1],"22":[1,3],"23":[4,1,1,1],"24":[1,2],"25":[3,3,3,3],"26":[1,1],"27":[2,2,1,1],"28":[3,2],"29":[5,2],"30":[7,6],"31":[2,7],"32":[9,8],"33":[1,6],"34":[7,7],"35":[1,5],"36":[6,6],"37":[1,4],"38":[5,5],"39":[1,3],"40":[4,4],"41":[1,2],"42":[3,3],"43":[1,1],"44":[2,2],"45":[1,0],"46":[1,1],"47":[3,4],"48":[7,5,5],"49":[1],"50":[5,3],"51":[8,7,5],"52":[4,68],"53":[72,70],"54":[14,2],"55":[0],"56":[5,3],"57":[1,4],"58":[7],"59":[4,3],"60":[7,4,4],"61":[3,1],"62":[1,2],"63":[7],"64":[3,4],"65":[7,4],"66":[4,1],"67":[1,3],"68":[1,2],"69":[2,1],"70":[1,2],"71":[1,1],"72":[1,2],"73":[1,1],"74":[2,1]},"_coverageSchema":"1a1c01bbd47fc00a2c39e90264f33305004495a9","hash":"bb1ff07e5d97e2c606ba9ab3fda8b30e27d3957f"}
,"C:\\Users\\sjun0\\Projects\\unit-tests\\unit-tests\\js\\assistive-calculator.js": {"path":"C:\\Users\\sjun0\\Projects\\unit-tests\\unit-tests\\js\\assistive-calculator.js","statementMap":{"0":{"start":{"line":8,"column":20},"end":{"line":8,"column":21}},"1":{"start":{"line":11,"column":29},"end":{"line":11,"column":82}},"2":{"start":{"line":14,"column":2},"end":{"line":23,"column":5}},"3":{"start":{"line":15,"column":20},"end":{"line":15,"column":60}},"4":{"start":{"line":16,"column":18},"end":{"line":16,"column":58}},"5":{"start":{"line":17,"column":21},"end":{"line":17,"column":62}},"6":{"start":{"line":20,"column":4},"end":{"line":22,"column":5}},"7":{"start":{"line":21,"column":6},"end":{"line":21,"column":57}},"8":{"start":{"line":25,"column":2},"end":{"line":25,"column":21}},"9":{"start":{"line":33,"column":21},"end":{"line":33,"column":23}},"10":{"start":{"line":34,"column":24},"end":{"line":34,"column":77}},"11":{"start":{"line":36,"column":2},"end":{"line":43,"column":5}},"12":{"start":{"line":37,"column":4},"end":{"line":42,"column":7}},"13":{"start":{"line":45,"column":2},"end":{"line":45,"column":20}},"14":{"start":{"line":57,"column":17},"end":{"line":57,"column":18}},"15":{"start":{"line":58,"column":2},"end":{"line":58,"column":44}},"16":{"start":{"line":58,"column":31},"end":{"line":58,"column":44}},"17":{"start":{"line":59,"column":2},"end":{"line":59,"column":45}},"18":{"start":{"line":59,"column":32},"end":{"line":59,"column":45}},"19":{"start":{"line":62,"column":19},"end":{"line":62,"column":20}},"20":{"start":{"line":63,"column":2},"end":{"line":63,"column":50}},"21":{"start":{"line":63,"column":33},"end":{"line":63,"column":50}},"22":{"start":{"line":64,"column":2},"end":{"line":64,"column":47}},"23":{"start":{"line":64,"column":32},"end":{"line":64,"column":47}},"24":{"start":{"line":67,"column":19},"end":{"line":67,"column":44}},"25":{"start":{"line":68,"column":2},"end":{"line":68,"column":61}},"26":{"start":{"line":71,"column":20},"end":{"line":71,"column":47}},"27":{"start":{"line":72,"column":2},"end":{"line":72,"column":63}},"28":{"start":{"line":75,"column":23},"end":{"line":75,"column":26}},"29":{"start":{"line":76,"column":25},"end":{"line":76,"column":70}},"30":{"start":{"line":78,"column":2},"end":{"line":83,"column":4}},"31":{"start":{"line":93,"column":23},"end":{"line":101,"column":3}},"32":{"start":{"line":104,"column":2},"end":{"line":109,"column":3}},"33":{"start":{"line":105,"column":4},"end":{"line":108,"column":6}},"34":{"start":{"line":111,"column":2},"end":{"line":116,"column":3}},"35":{"start":{"line":112,"column":4},"end":{"line":115,"column":6}},"36":{"start":{"line":118,"column":2},"end":{"line":124,"column":3}},"37":{"start":{"line":119,"column":4},"end":{"line":123,"column":6}},"38":{"start":{"line":126,"column":2},"end":{"line":126,"column":22}},"39":{"start":{"line":129,"column":0},"end":{"line":134,"column":2}}},"fnMap":{"0":{"name":"calculateTotalEnergy","decl":{"start":{"line":7,"column":9},"end":{"line":7,"column":29}},"loc":{"start":{"line":7,"column":32},"end":{"line":26,"column":1}},"line":7},"1":{"name":"(anonymous_1)","decl":{"start":{"line":14,"column":29},"end":{"line":14,"column":30}},"loc":{"start":{"line":14,"column":42},"end":{"line":23,"column":3}},"line":14},"2":{"name":"getSelectedAppliances","decl":{"start":{"line":32,"column":9},"end":{"line":32,"column":30}},"loc":{"start":{"line":32,"column":33},"end":{"line":46,"column":1}},"line":32},"3":{"name":"(anonymous_3)","decl":{"start":{"line":36,"column":24},"end":{"line":36,"column":25}},"loc":{"start":{"line":36,"column":32},"end":{"line":43,"column":3}},"line":36},"4":{"name":"calculateAssistiveResults","decl":{"start":{"line":55,"column":9},"end":{"line":55,"column":34}},"loc":{"start":{"line":55,"column":82},"end":{"line":84,"column":1}},"line":55},"5":{"name":"applyAssistiveTemplate","decl":{"start":{"line":91,"column":9},"end":{"line":91,"column":31}},"loc":{"start":{"line":91,"column":42},"end":{"line":127,"column":1}},"line":91}},"branchMap":{"0":{"loc":{"start":{"line":15,"column":29},"end":{"line":15,"column":59}},"type":"binary-expr","locations":[{"start":{"line":15,"column":29},"end":{"line":15,"column":54}},{"start":{"line":15,"column":58},"end":{"line":15,"column":59}}],"line":15},"1":{"loc":{"start":{"line":16,"column":29},"end":{"line":16,"column":57}},"type":"binary-expr","locations":[{"start":{"line":16,"column":29},"end":{"line":16,"column":52}},{"start":{"line":16,"column":56},"end":{"line":16,"column":57}}],"line":16},"2":{"loc":{"start":{"line":17,"column":30},"end":{"line":17,"column":61}},"type":"binary-expr","locations":[{"start":{"line":17,"column":30},"end":{"line":17,"column":56}},{"start":{"line":17,"column":60},"end":{"line":17,"column":61}}],"line":17},"3":{"loc":{"start":{"line":20,"column":4},"end":{"line":22,"column":5}},"type":"if","locations":[{"start":{"line":20,"column":4},"end":{"line":22,"column":5}},{"start":{},"end":{}}],"line":20},"4":{"loc":{"start":{"line":20,"column":8},"end":{"line":20,"column":40}},"type":"binary-expr","locations":[{"start":{"line":20,"column":8},"end":{"line":20,"column":23}},{"start":{"line":20,"column":27},"end":{"line":20,"column":40}}],"line":20},"5":{"loc":{"start":{"line":39,"column":24},"end":{"line":39,"column":49}},"type":"binary-expr","locations":[{"start":{"line":39,"column":24},"end":{"line":39,"column":44}},{"start":{"line":39,"column":48},"end":{"line":39,"column":49}}],"line":39},"6":{"loc":{"start":{"line":40,"column":24},"end":{"line":40,"column":47}},"type":"binary-expr","locations":[{"start":{"line":40,"column":24},"end":{"line":40,"column":42}},{"start":{"line":40,"column":46},"end":{"line":40,"column":47}}],"line":40},"7":{"loc":{"start":{"line":41,"column":25},"end":{"line":41,"column":51}},"type":"binary-expr","locations":[{"start":{"line":41,"column":25},"end":{"line":41,"column":46}},{"start":{"line":41,"column":50},"end":{"line":41,"column":51}}],"line":41},"8":{"loc":{"start":{"line":58,"column":2},"end":{"line":58,"column":44}},"type":"if","locations":[{"start":{"line":58,"column":2},"end":{"line":58,"column":44}},{"start":{},"end":{}}],"line":58},"9":{"loc":{"start":{"line":59,"column":2},"end":{"line":59,"column":45}},"type":"if","locations":[{"start":{"line":59,"column":2},"end":{"line":59,"column":45}},{"start":{},"end":{}}],"line":59},"10":{"loc":{"start":{"line":63,"column":2},"end":{"line":63,"column":50}},"type":"if","locations":[{"start":{"line":63,"column":2},"end":{"line":63,"column":50}},{"start":{},"end":{}}],"line":63},"11":{"loc":{"start":{"line":64,"column":2},"end":{"line":64,"column":47}},"type":"if","locations":[{"start":{"line":64,"column":2},"end":{"line":64,"column":47}},{"start":{},"end":{}}],"line":64},"12":{"loc":{"start":{"line":104,"column":2},"end":{"line":109,"column":3}},"type":"if","locations":[{"start":{"line":104,"column":2},"end":{"line":109,"column":3}},{"start":{},"end":{}}],"line":104},"13":{"loc":{"start":{"line":111,"column":2},"end":{"line":116,"column":3}},"type":"if","locations":[{"start":{"line":111,"column":2},"end":{"line":116,"column":3}},{"start":{},"end":{}}],"line":111},"14":{"loc":{"start":{"line":118,"column":2},"end":{"line":124,"column":3}},"type":"if","locations":[{"start":{"line":118,"column":2},"end":{"line":124,"column":3}},{"start":{},"end":{}}],"line":118}},"s":{"0":3,"1":3,"2":3,"3":5,"4":5,"5":5,"6":5,"7":3,"8":3,"9":2,"10":2,"11":2,"12":2,"13":2,"14":7,"15":7,"16":1,"17":7,"18":2,"19":7,"20":7,"21":2,"22":7,"23":1,"24":7,"25":7,"26":7,"27":7,"28":7,"29":7,"30":7,"31":5,"32":5,"33":3,"34":5,"35":2,"36":5,"37":1,"38":5,"39":1},"f":{"0":3,"1":5,"2":2,"3":2,"4":7,"5":5},"b":{"0":[5,1],"1":[5,1],"2":[5,3],"3":[3,2],"4":[5,4],"5":[2,0],"6":[2,0],"7":[2,0],"8":[1,6],"9":[2,5],"10":[2,5],"11":[1,6],"12":[3,2],"13":[2,3],"14":[1,4]},"_coverageSchema":"1a1c01bbd47fc00a2c39e90264f33305004495a9","hash":"a7c9c155a01ba05c80ef23e6d502b4e77132f287"}
,"C:\\Users\\sjun0\\Projects\\unit-tests\\unit-tests\\js\\standard-calculator.js": {"path":"C:\\Users\\sjun0\\Projects\\unit-tests\\unit-tests\\js\\standard-calculator.js","statementMap":{"0":{"start":{"line":5,"column":23},"end":{"line":5,"column":49}},"1":{"start":{"line":6,"column":20},"end":{"line":6,"column":44}},"2":{"start":{"line":7,"column":23},"end":{"line":7,"column":45}},"3":{"start":{"line":9,"column":23},"end":{"line":9,"column":38}},"4":{"start":{"line":10,"column":4},"end":{"line":16,"column":73}},"5":{"start":{"line":10,"column":24},"end":{"line":10,"column":55}},"6":{"start":{"line":11,"column":9},"end":{"line":16,"column":73}},"7":{"start":{"line":11,"column":29},"end":{"line":11,"column":60}},"8":{"start":{"line":12,"column":9},"end":{"line":16,"column":73}},"9":{"start":{"line":12,"column":29},"end":{"line":12,"column":60}},"10":{"start":{"line":13,"column":9},"end":{"line":16,"column":73}},"11":{"start":{"line":13,"column":30},"end":{"line":13,"column":62}},"12":{"start":{"line":14,"column":9},"end":{"line":16,"column":73}},"13":{"start":{"line":14,"column":30},"end":{"line":14,"column":64}},"14":{"start":{"line":15,"column":9},"end":{"line":16,"column":73}},"15":{"start":{"line":15,"column":30},"end":{"line":15,"column":64}},"16":{"start":{"line":16,"column":9},"end":{"line":16,"column":73}},"17":{"start":{"line":16,"column":31},"end":{"line":16,"column":73}},"18":{"start":{"line":18,"column":20},"end":{"line":18,"column":24}},"19":{"start":{"line":19,"column":4},"end":{"line":27,"column":53}},"20":{"start":{"line":19,"column":36},"end":{"line":19,"column":59}},"21":{"start":{"line":20,"column":9},"end":{"line":27,"column":53}},"22":{"start":{"line":20,"column":26},"end":{"line":20,"column":49}},"23":{"start":{"line":21,"column":9},"end":{"line":27,"column":53}},"24":{"start":{"line":21,"column":26},"end":{"line":21,"column":50}},"25":{"start":{"line":22,"column":9},"end":{"line":27,"column":53}},"26":{"start":{"line":22,"column":26},"end":{"line":22,"column":50}},"27":{"start":{"line":23,"column":9},"end":{"line":27,"column":53}},"28":{"start":{"line":23,"column":26},"end":{"line":23,"column":50}},"29":{"start":{"line":24,"column":9},"end":{"line":27,"column":53}},"30":{"start":{"line":24,"column":27},"end":{"line":24,"column":51}},"31":{"start":{"line":25,"column":9},"end":{"line":27,"column":53}},"32":{"start":{"line":25,"column":27},"end":{"line":25,"column":51}},"33":{"start":{"line":26,"column":9},"end":{"line":27,"column":53}},"34":{"start":{"line":26,"column":27},"end":{"line":26,"column":51}},"35":{"start":{"line":27,"column":9},"end":{"line":27,"column":53}},"36":{"start":{"line":27,"column":28},"end":{"line":27,"column":53}},"37":{"start":{"line":29,"column":22},"end":{"line":29,"column":28}},"38":{"start":{"line":30,"column":4},"end":{"line":40,"column":56}},"39":{"start":{"line":30,"column":25},"end":{"line":30,"column":49}},"40":{"start":{"line":31,"column":9},"end":{"line":40,"column":56}},"41":{"start":{"line":31,"column":30},"end":{"line":31,"column":57}},"42":{"start":{"line":32,"column":9},"end":{"line":40,"column":56}},"43":{"start":{"line":32,"column":30},"end":{"line":32,"column":57}},"44":{"start":{"line":33,"column":9},"end":{"line":40,"column":56}},"45":{"start":{"line":33,"column":30},"end":{"line":33,"column":57}},"46":{"start":{"line":34,"column":9},"end":{"line":40,"column":56}},"47":{"start":{"line":34,"column":30},"end":{"line":34,"column":57}},"48":{"start":{"line":35,"column":9},"end":{"line":40,"column":56}},"49":{"start":{"line":35,"column":30},"end":{"line":35,"column":57}},"50":{"start":{"line":36,"column":9},"end":{"line":40,"column":56}},"51":{"start":{"line":36,"column":30},"end":{"line":36,"column":57}},"52":{"start":{"line":37,"column":9},"end":{"line":40,"column":56}},"53":{"start":{"line":37,"column":31},"end":{"line":37,"column":59}},"54":{"start":{"line":38,"column":9},"end":{"line":40,"column":56}},"55":{"start":{"line":38,"column":29},"end":{"line":38,"column":56}},"56":{"start":{"line":39,"column":9},"end":{"line":40,"column":56}},"57":{"start":{"line":39,"column":31},"end":{"line":39,"column":58}},"58":{"start":{"line":40,"column":9},"end":{"line":40,"column":56}},"59":{"start":{"line":40,"column":29},"end":{"line":40,"column":56}},"60":{"start":{"line":42,"column":4},"end":{"line":46,"column":6}},"61":{"start":{"line":50,"column":27},"end":{"line":50,"column":69}},"62":{"start":{"line":51,"column":26},"end":{"line":51,"column":73}},"63":{"start":{"line":52,"column":31},"end":{"line":52,"column":81}},"64":{"start":{"line":54,"column":4},"end":{"line":61,"column":5}},"65":{"start":{"line":55,"column":29},"end":{"line":55,"column":58}},"66":{"start":{"line":56,"column":8},"end":{"line":56,"column":59}},"67":{"start":{"line":57,"column":8},"end":{"line":57,"column":97}},"68":{"start":{"line":58,"column":8},"end":{"line":58,"column":89}},"69":{"start":{"line":59,"column":11},"end":{"line":61,"column":5}},"70":{"start":{"line":60,"column":8},"end":{"line":60,"column":36}},"71":{"start":{"line":65,"column":17},"end":{"line":65,"column":46}},"72":{"start":{"line":66,"column":18},"end":{"line":66,"column":45}},"73":{"start":{"line":67,"column":17},"end":{"line":67,"column":43}},"74":{"start":{"line":68,"column":16},"end":{"line":68,"column":36}},"75":{"start":{"line":70,"column":31},"end":{"line":70,"column":79}},"76":{"start":{"line":71,"column":4},"end":{"line":78,"column":5}},"77":{"start":{"line":71,"column":17},"end":{"line":71,"column":18}},"78":{"start":{"line":72,"column":8},"end":{"line":77,"column":9}},"79":{"start":{"line":73,"column":34},"end":{"line":73,"column":96}},"80":{"start":{"line":74,"column":12},"end":{"line":74,"column":68}},"81":{"start":{"line":75,"column":12},"end":{"line":75,"column":30}},"82":{"start":{"line":76,"column":12},"end":{"line":76,"column":19}},"83":{"start":{"line":80,"column":16},"end":{"line":80,"column":47}},"84":{"start":{"line":81,"column":4},"end":{"line":88,"column":6}},"85":{"start":{"line":89,"column":4},"end":{"line":89,"column":35}},"86":{"start":{"line":90,"column":4},"end":{"line":90,"column":42}},"87":{"start":{"line":91,"column":21},"end":{"line":91,"column":74}},"88":{"start":{"line":92,"column":4},"end":{"line":92,"column":36}},"89":{"start":{"line":92,"column":18},"end":{"line":92,"column":36}},"90":{"start":{"line":93,"column":4},"end":{"line":93,"column":22}},"91":{"start":{"line":97,"column":4},"end":{"line":103,"column":7}},"92":{"start":{"line":98,"column":8},"end":{"line":102,"column":9}},"93":{"start":{"line":99,"column":12},"end":{"line":99,"column":36}},"94":{"start":{"line":101,"column":12},"end":{"line":101,"column":40}},"95":{"start":{"line":107,"column":4},"end":{"line":112,"column":5}},"96":{"start":{"line":108,"column":8},"end":{"line":108,"column":37}},"97":{"start":{"line":109,"column":8},"end":{"line":109,"column":72}},"98":{"start":{"line":109,"column":39},"end":{"line":109,"column":70}},"99":{"start":{"line":110,"column":8},"end":{"line":110,"column":31}},"100":{"start":{"line":111,"column":8},"end":{"line":111,"column":26}},"101":{"start":{"line":121,"column":18},"end":{"line":121,"column":19}},"102":{"start":{"line":122,"column":17},"end":{"line":122,"column":18}},"103":{"start":{"line":124,"column":2},"end":{"line":134,"column":5}},"104":{"start":{"line":125,"column":21},"end":{"line":125,"column":54}},"105":{"start":{"line":126,"column":20},"end":{"line":126,"column":52}},"106":{"start":{"line":127,"column":18},"end":{"line":127,"column":50}},"107":{"start":{"line":129,"column":4},"end":{"line":133,"column":5}},"108":{"start":{"line":130,"column":18},"end":{"line":130,"column":53}},"109":{"start":{"line":131,"column":6},"end":{"line":131,"column":38}},"110":{"start":{"line":132,"column":6},"end":{"line":132,"column":22}},"111":{"start":{"line":136,"column":2},"end":{"line":140,"column":4}},"112":{"start":{"line":149,"column":2},"end":{"line":166,"column":3}},"113":{"start":{"line":151,"column":4},"end":{"line":153,"column":5}},"114":{"start":{"line":152,"column":6},"end":{"line":152,"column":19}},"115":{"start":{"line":155,"column":4},"end":{"line":157,"column":5}},"116":{"start":{"line":156,"column":6},"end":{"line":156,"column":19}},"117":{"start":{"line":159,"column":4},"end":{"line":161,"column":5}},"118":{"start":{"line":160,"column":6},"end":{"line":160,"column":19}},"119":{"start":{"line":163,"column":4},"end":{"line":163,"column":16}},"120":{"start":{"line":165,"column":4},"end":{"line":165,"column":17}},"121":{"start":{"line":175,"column":2},"end":{"line":194,"column":3}},"122":{"start":{"line":176,"column":4},"end":{"line":178,"column":5}},"123":{"start":{"line":177,"column":6},"end":{"line":177,"column":18}},"124":{"start":{"line":180,"column":19},"end":{"line":180,"column":42}},"125":{"start":{"line":183,"column":4},"end":{"line":185,"column":5}},"126":{"start":{"line":184,"column":6},"end":{"line":184,"column":18}},"127":{"start":{"line":187,"column":4},"end":{"line":189,"column":5}},"128":{"start":{"line":188,"column":6},"end":{"line":188,"column":18}},"129":{"start":{"line":191,"column":4},"end":{"line":191,"column":18}},"130":{"start":{"line":193,"column":4},"end":{"line":193,"column":16}},"131":{"start":{"line":197,"column":0},"end":{"line":207,"column":2}}},"fnMap":{"0":{"name":"GetSystemRequirements","decl":{"start":{"line":4,"column":9},"end":{"line":4,"column":30}},"loc":{"start":{"line":4,"column":88},"end":{"line":47,"column":1}},"line":4},"1":{"name":"checkEmptyAppliances","decl":{"start":{"line":49,"column":9},"end":{"line":49,"column":29}},"loc":{"start":{"line":49,"column":32},"end":{"line":62,"column":1}},"line":49},"2":{"name":"addAppliance","decl":{"start":{"line":64,"column":9},"end":{"line":64,"column":21}},"loc":{"start":{"line":64,"column":93},"end":{"line":94,"column":1}},"line":64},"3":{"name":"filterAppliancesByCategory","decl":{"start":{"line":96,"column":9},"end":{"line":96,"column":35}},"loc":{"start":{"line":96,"column":77},"end":{"line":104,"column":1}},"line":96},"4":{"name":"(anonymous_4)","decl":{"start":{"line":97,"column":18},"end":{"line":97,"column":19}},"loc":{"start":{"line":97,"column":26},"end":{"line":103,"column":5}},"line":97},"5":{"name":"clearAllAppliances","decl":{"start":{"line":106,"column":9},"end":{"line":106,"column":27}},"loc":{"start":{"line":106,"column":119},"end":{"line":113,"column":1}},"line":106},"6":{"name":"(anonymous_6)","decl":{"start":{"line":109,"column":31},"end":{"line":109,"column":32}},"loc":{"start":{"line":109,"column":39},"end":{"line":109,"column":70}},"line":109},"7":{"name":"calculateTotals","decl":{"start":{"line":120,"column":9},"end":{"line":120,"column":24}},"loc":{"start":{"line":120,"column":37},"end":{"line":141,"column":1}},"line":120},"8":{"name":"(anonymous_8)","decl":{"start":{"line":124,"column":21},"end":{"line":124,"column":22}},"loc":{"start":{"line":124,"column":34},"end":{"line":134,"column":3}},"line":124},"9":{"name":"saveConfiguration","decl":{"start":{"line":148,"column":9},"end":{"line":148,"column":26}},"loc":{"start":{"line":148,"column":35},"end":{"line":167,"column":1}},"line":148},"10":{"name":"loadSavedConfiguration","decl":{"start":{"line":174,"column":9},"end":{"line":174,"column":31}},"loc":{"start":{"line":174,"column":45},"end":{"line":195,"column":1}},"line":174}},"branchMap":{"0":{"loc":{"start":{"line":10,"column":4},"end":{"line":16,"column":73}},"type":"if","locations":[{"start":{"line":10,"column":4},"end":{"line":16,"column":73}},{"start":{"line":11,"column":9},"end":{"line":16,"column":73}}],"line":10},"1":{"loc":{"start":{"line":11,"column":9},"end":{"line":16,"column":73}},"type":"if","locations":[{"start":{"line":11,"column":9},"end":{"line":16,"column":73}},{"start":{"line":12,"column":9},"end":{"line":16,"column":73}}],"line":11},"2":{"loc":{"start":{"line":12,"column":9},"end":{"line":16,"column":73}},"type":"if","locations":[{"start":{"line":12,"column":9},"end":{"line":16,"column":73}},{"start":{"line":13,"column":9},"end":{"line":16,"column":73}}],"line":12},"3":{"loc":{"start":{"line":13,"column":9},"end":{"line":16,"column":73}},"type":"if","locations":[{"start":{"line":13,"column":9},"end":{"line":16,"column":73}},{"start":{"line":14,"column":9},"end":{"line":16,"column":73}}],"line":13},"4":{"loc":{"start":{"line":14,"column":9},"end":{"line":16,"column":73}},"type":"if","locations":[{"start":{"line":14,"column":9},"end":{"line":16,"column":73}},{"start":{"line":15,"column":9},"end":{"line":16,"column":73}}],"line":14},"5":{"loc":{"start":{"line":15,"column":9},"end":{"line":16,"column":73}},"type":"if","locations":[{"start":{"line":15,"column":9},"end":{"line":16,"column":73}},{"start":{"line":16,"column":9},"end":{"line":16,"column":73}}],"line":15},"6":{"loc":{"start":{"line":16,"column":9},"end":{"line":16,"column":73}},"type":"if","locations":[{"start":{"line":16,"column":9},"end":{"line":16,"column":73}},{"start":{},"end":{}}],"line":16},"7":{"loc":{"start":{"line":19,"column":4},"end":{"line":27,"column":53}},"type":"if","locations":[{"start":{"line":19,"column":4},"end":{"line":27,"column":53}},{"start":{"line":20,"column":9},"end":{"line":27,"column":53}}],"line":19},"8":{"loc":{"start":{"line":19,"column":8},"end":{"line":19,"column":34}},"type":"binary-expr","locations":[{"start":{"line":19,"column":8},"end":{"line":19,"column":19}},{"start":{"line":19,"column":23},"end":{"line":19,"column":34}}],"line":19},"9":{"loc":{"start":{"line":20,"column":9},"end":{"line":27,"column":53}},"type":"if","locations":[{"start":{"line":20,"column":9},"end":{"line":27,"column":53}},{"start":{"line":21,"column":9},"end":{"line":27,"column":53}}],"line":20},"10":{"loc":{"start":{"line":21,"column":9},"end":{"line":27,"column":53}},"type":"if","locations":[{"start":{"line":21,"column":9},"end":{"line":27,"column":53}},{"start":{"line":22,"column":9},"end":{"line":27,"column":53}}],"line":21},"11":{"loc":{"start":{"line":22,"column":9},"end":{"line":27,"column":53}},"type":"if","locations":[{"start":{"line":22,"column":9},"end":{"line":27,"column":53}},{"start":{"line":23,"column":9},"end":{"line":27,"column":53}}],"line":22},"12":{"loc":{"start":{"line":23,"column":9},"end":{"line":27,"column":53}},"type":"if","locations":[{"start":{"line":23,"column":9},"end":{"line":27,"column":53}},{"start":{"line":24,"column":9},"end":{"line":27,"column":53}}],"line":23},"13":{"loc":{"start":{"line":24,"column":9},"end":{"line":27,"column":53}},"type":"if","locations":[{"start":{"line":24,"column":9},"end":{"line":27,"column":53}},{"start":{"line":25,"column":9},"end":{"line":27,"column":53}}],"line":24},"14":{"loc":{"start":{"line":25,"column":9},"end":{"line":27,"column":53}},"type":"if","locations":[{"start":{"line":25,"column":9},"end":{"line":27,"column":53}},{"start":{"line":26,"column":9},"end":{"line":27,"column":53}}],"line":25},"15":{"loc":{"start":{"line":26,"column":9},"end":{"line":27,"column":53}},"type":"if","locations":[{"start":{"line":26,"column":9},"end":{"line":27,"column":53}},{"start":{"line":27,"column":9},"end":{"line":27,"column":53}}],"line":26},"16":{"loc":{"start":{"line":27,"column":9},"end":{"line":27,"column":53}},"type":"if","locations":[{"start":{"line":27,"column":9},"end":{"line":27,"column":53}},{"start":{},"end":{}}],"line":27},"17":{"loc":{"start":{"line":30,"column":4},"end":{"line":40,"column":56}},"type":"if","locations":[{"start":{"line":30,"column":4},"end":{"line":40,"column":56}},{"start":{"line":31,"column":9},"end":{"line":40,"column":56}}],"line":30},"18":{"loc":{"start":{"line":31,"column":9},"end":{"line":40,"column":56}},"type":"if","locations":[{"start":{"line":31,"column":9},"end":{"line":40,"column":56}},{"start":{"line":32,"column":9},"end":{"line":40,"column":56}}],"line":31},"19":{"loc":{"start":{"line":32,"column":9},"end":{"line":40,"column":56}},"type":"if","locations":[{"start":{"line":32,"column":9},"end":{"line":40,"column":56}},{"start":{"line":33,"column":9},"end":{"line":40,"column":56}}],"line":32},"20":{"loc":{"start":{"line":33,"column":9},"end":{"line":40,"column":56}},"type":"if","locations":[{"start":{"line":33,"column":9},"end":{"line":40,"column":56}},{"start":{"line":34,"column":9},"end":{"line":40,"column":56}}],"line":33},"21":{"loc":{"start":{"line":34,"column":9},"end":{"line":40,"column":56}},"type":"if","locations":[{"start":{"line":34,"column":9},"end":{"line":40,"column":56}},{"start":{"line":35,"column":9},"end":{"line":40,"column":56}}],"line":34},"22":{"loc":{"start":{"line":35,"column":9},"end":{"line":40,"column":56}},"type":"if","locations":[{"start":{"line":35,"column":9},"end":{"line":40,"column":56}},{"start":{"line":36,"column":9},"end":{"line":40,"column":56}}],"line":35},"23":{"loc":{"start":{"line":36,"column":9},"end":{"line":40,"column":56}},"type":"if","locations":[{"start":{"line":36,"column":9},"end":{"line":40,"column":56}},{"start":{"line":37,"column":9},"end":{"line":40,"column":56}}],"line":36},"24":{"loc":{"start":{"line":37,"column":9},"end":{"line":40,"column":56}},"type":"if","locations":[{"start":{"line":37,"column":9},"end":{"line":40,"column":56}},{"start":{"line":38,"column":9},"end":{"line":40,"column":56}}],"line":37},"25":{"loc":{"start":{"line":38,"column":9},"end":{"line":40,"column":56}},"type":"if","locations":[{"start":{"line":38,"column":9},"end":{"line":40,"column":56}},{"start":{"line":39,"column":9},"end":{"line":40,"column":56}}],"line":38},"26":{"loc":{"start":{"line":39,"column":9},"end":{"line":40,"column":56}},"type":"if","locations":[{"start":{"line":39,"column":9},"end":{"line":40,"column":56}},{"start":{"line":40,"column":9},"end":{"line":40,"column":56}}],"line":39},"27":{"loc":{"start":{"line":40,"column":9},"end":{"line":40,"column":56}},"type":"if","locations":[{"start":{"line":40,"column":9},"end":{"line":40,"column":56}},{"start":{},"end":{}}],"line":40},"28":{"loc":{"start":{"line":54,"column":4},"end":{"line":61,"column":5}},"type":"if","locations":[{"start":{"line":54,"column":4},"end":{"line":61,"column":5}},{"start":{"line":59,"column":11},"end":{"line":61,"column":5}}],"line":54},"29":{"loc":{"start":{"line":54,"column":8},"end":{"line":54,"column":57}},"type":"binary-expr","locations":[{"start":{"line":54,"column":8},"end":{"line":54,"column":34}},{"start":{"line":54,"column":38},"end":{"line":54,"column":57}}],"line":54},"30":{"loc":{"start":{"line":59,"column":11},"end":{"line":61,"column":5}},"type":"if","locations":[{"start":{"line":59,"column":11},"end":{"line":61,"column":5}},{"start":{},"end":{}}],"line":59},"31":{"loc":{"start":{"line":59,"column":15},"end":{"line":59,"column":61}},"type":"binary-expr","locations":[{"start":{"line":59,"column":15},"end":{"line":59,"column":39}},{"start":{"line":59,"column":43},"end":{"line":59,"column":61}}],"line":59},"32":{"loc":{"start":{"line":64,"column":69},"end":{"line":64,"column":91}},"type":"default-arg","locations":[{"start":{"line":64,"column":83},"end":{"line":64,"column":91}}],"line":64},"33":{"loc":{"start":{"line":72,"column":8},"end":{"line":77,"column":9}},"type":"if","locations":[{"start":{"line":72,"column":8},"end":{"line":77,"column":9}},{"start":{},"end":{}}],"line":72},"34":{"loc":{"start":{"line":92,"column":4},"end":{"line":92,"column":36}},"type":"if","locations":[{"start":{"line":92,"column":4},"end":{"line":92,"column":36}},{"start":{},"end":{}}],"line":92},"35":{"loc":{"start":{"line":96,"column":53},"end":{"line":96,"column":75}},"type":"default-arg","locations":[{"start":{"line":96,"column":67},"end":{"line":96,"column":75}}],"line":96},"36":{"loc":{"start":{"line":98,"column":8},"end":{"line":102,"column":9}},"type":"if","locations":[{"start":{"line":98,"column":8},"end":{"line":102,"column":9}},{"start":{"line":100,"column":15},"end":{"line":102,"column":9}}],"line":98},"37":{"loc":{"start":{"line":98,"column":12},"end":{"line":98,"column":68}},"type":"binary-expr","locations":[{"start":{"line":98,"column":12},"end":{"line":98,"column":30}},{"start":{"line":98,"column":34},"end":{"line":98,"column":68}}],"line":98},"38":{"loc":{"start":{"line":106,"column":98},"end":{"line":106,"column":117}},"type":"default-arg","locations":[{"start":{"line":106,"column":110},"end":{"line":106,"column":117}}],"line":106},"39":{"loc":{"start":{"line":107,"column":4},"end":{"line":112,"column":5}},"type":"if","locations":[{"start":{"line":107,"column":4},"end":{"line":112,"column":5}},{"start":{},"end":{}}],"line":107},"40":{"loc":{"start":{"line":107,"column":8},"end":{"line":107,"column":104}},"type":"binary-expr","locations":[{"start":{"line":107,"column":8},"end":{"line":107,"column":41}},{"start":{"line":107,"column":45},"end":{"line":107,"column":104}}],"line":107},"41":{"loc":{"start":{"line":125,"column":30},"end":{"line":125,"column":53}},"type":"binary-expr","locations":[{"start":{"line":125,"column":30},"end":{"line":125,"column":48}},{"start":{"line":125,"column":52},"end":{"line":125,"column":53}}],"line":125},"42":{"loc":{"start":{"line":126,"column":29},"end":{"line":126,"column":51}},"type":"binary-expr","locations":[{"start":{"line":126,"column":29},"end":{"line":126,"column":46}},{"start":{"line":126,"column":50},"end":{"line":126,"column":51}}],"line":126},"43":{"loc":{"start":{"line":127,"column":29},"end":{"line":127,"column":49}},"type":"binary-expr","locations":[{"start":{"line":127,"column":29},"end":{"line":127,"column":44}},{"start":{"line":127,"column":48},"end":{"line":127,"column":49}}],"line":127},"44":{"loc":{"start":{"line":129,"column":4},"end":{"line":133,"column":5}},"type":"if","locations":[{"start":{"line":129,"column":4},"end":{"line":133,"column":5}},{"start":{},"end":{}}],"line":129},"45":{"loc":{"start":{"line":129,"column":8},"end":{"line":129,"column":60}},"type":"binary-expr","locations":[{"start":{"line":129,"column":8},"end":{"line":129,"column":24}},{"start":{"line":129,"column":28},"end":{"line":129,"column":43}},{"start":{"line":129,"column":47},"end":{"line":129,"column":60}}],"line":129},"46":{"loc":{"start":{"line":151,"column":4},"end":{"line":153,"column":5}},"type":"if","locations":[{"start":{"line":151,"column":4},"end":{"line":153,"column":5}},{"start":{},"end":{}}],"line":151},"47":{"loc":{"start":{"line":151,"column":8},"end":{"line":151,"column":45}},"type":"binary-expr","locations":[{"start":{"line":151,"column":8},"end":{"line":151,"column":15}},{"start":{"line":151,"column":19},"end":{"line":151,"column":45}}],"line":151},"48":{"loc":{"start":{"line":155,"column":4},"end":{"line":157,"column":5}},"type":"if","locations":[{"start":{"line":155,"column":4},"end":{"line":157,"column":5}},{"start":{},"end":{}}],"line":155},"49":{"loc":{"start":{"line":159,"column":4},"end":{"line":161,"column":5}},"type":"if","locations":[{"start":{"line":159,"column":4},"end":{"line":161,"column":5}},{"start":{},"end":{}}],"line":159},"50":{"loc":{"start":{"line":159,"column":8},"end":{"line":159,"column":63}},"type":"binary-expr","locations":[{"start":{"line":159,"column":8},"end":{"line":159,"column":24}},{"start":{"line":159,"column":28},"end":{"line":159,"column":63}}],"line":159},"51":{"loc":{"start":{"line":176,"column":4},"end":{"line":178,"column":5}},"type":"if","locations":[{"start":{"line":176,"column":4},"end":{"line":178,"column":5}},{"start":{},"end":{}}],"line":176},"52":{"loc":{"start":{"line":183,"column":4},"end":{"line":185,"column":5}},"type":"if","locations":[{"start":{"line":183,"column":4},"end":{"line":185,"column":5}},{"start":{},"end":{}}],"line":183},"53":{"loc":{"start":{"line":183,"column":8},"end":{"line":183,"column":63}},"type":"binary-expr","locations":[{"start":{"line":183,"column":8},"end":{"line":183,"column":26}},{"start":{"line":183,"column":30},"end":{"line":183,"column":63}}],"line":183},"54":{"loc":{"start":{"line":187,"column":4},"end":{"line":189,"column":5}},"type":"if","locations":[{"start":{"line":187,"column":4},"end":{"line":189,"column":5}},{"start":{},"end":{}}],"line":187},"55":{"loc":{"start":{"line":187,"column":8},"end":{"line":187,"column":63}},"type":"binary-expr","locations":[{"start":{"line":187,"column":8},"end":{"line":187,"column":24}},{"start":{"line":187,"column":28},"end":{"line":187,"column":63}}],"line":187}},"s":{"0":11,"1":11,"2":11,"3":11,"4":11,"5":3,"6":8,"7":2,"8":6,"9":1,"10":5,"11":2,"12":3,"13":1,"14":2,"15":1,"16":1,"17":1,"18":11,"19":11,"20":3,"21":8,"22":2,"23":6,"24":2,"25":4,"26":0,"27":4,"28":0,"29":4,"30":0,"31":4,"32":2,"33":2,"34":1,"35":1,"36":1,"37":11,"38":11,"39":2,"40":9,"41":1,"42":8,"43":2,"44":6,"45":0,"46":6,"47":0,"48":6,"49":1,"50":5,"51":0,"52":5,"53":0,"54":5,"55":2,"56":3,"57":1,"58":2,"59":2,"60":11,"61":2,"62":2,"63":2,"64":2,"65":1,"66":1,"67":1,"68":1,"69":1,"70":1,"71":2,"72":2,"73":2,"74":2,"75":2,"76":2,"77":2,"78":1,"79":1,"80":1,"81":1,"82":1,"83":1,"84":1,"85":1,"86":1,"87":1,"88":1,"89":0,"90":1,"91":2,"92":5,"93":4,"94":1,"95":3,"96":1,"97":1,"98":1,"99":1,"100":1,"101":3,"102":3,"103":3,"104":6,"105":6,"106":6,"107":6,"108":4,"109":4,"110":4,"111":3,"112":5,"113":5,"114":2,"115":3,"116":1,"117":2,"118":1,"119":1,"120":0,"121":6,"122":6,"123":2,"124":4,"125":3,"126":1,"127":2,"128":1,"129":1,"130":1,"131":2},"f":{"0":11,"1":2,"2":2,"3":2,"4":5,"5":3,"6":1,"7":3,"8":6,"9":5,"10":6},"b":{"0":[3,8],"1":[2,6],"2":[1,5],"3":[2,3],"4":[1,2],"5":[1,1],"6":[1,0],"7":[3,8],"8":[11,11],"9":[2,6],"10":[2,4],"11":[0,4],"12":[0,4],"13":[0,4],"14":[2,2],"15":[1,1],"16":[1,0],"17":[2,9],"18":[1,8],"19":[2,6],"20":[0,6],"21":[0,6],"22":[1,5],"23":[0,5],"24":[0,5],"25":[2,3],"26":[1,2],"27":[2,0],"28":[1,1],"29":[2,1],"30":[1,0],"31":[1,1],"32":[2],"33":[1,0],"34":[0,1],"35":[2],"36":[4,1],"37":[5,2],"38":[0],"39":[1,2],"40":[3,2],"41":[6,0],"42":[6,1],"43":[6,0],"44":[4,2],"45":[6,5,5],"46":[2,3],"47":[5,4],"48":[1,2],"49":[1,1],"50":[2,1],"51":[2,4],"52":[1,2],"53":[3,2],"54":[1,1],"55":[2,1]},"_coverageSchema":"1a1c01bbd47fc00a2c39e90264f33305004495a9","hash":"223b6135a6c474489cdee008b55aaec789f6c5c3"}
}
