TN:
SF:js\advanced-calculator.js
FN:3,detectCountry
FN:69,calculateTotalFromHourlyData
FN:72,(anonymous_2)
FN:80,getAzimuthDirection
FN:93,getRecommendedSystemSize
FN:101,extractMonthlyHourlyProfile
FN:111,(anonymous_6)
FN:117,getDaysInMonth
FN:261,updateCurrencyDisplay
FN:281,calculateMonthlySavings
FN:312,convertCurrency
FN:336,fetchOpta
FN:384,fetchSolargisData
FNF:13
FNH:13
FNDA:15,detectCountry
FNDA:5,calculateTotalFromHourlyData
FNDA:7,(anonymous_2)
FNDA:9,getAzimuthDirection
FNDA:7,getRecommendedSystemSize
FNDA:8,extractMonthlyHourlyProfile
FNDA:72,(anonymous_6)
FNDA:14,getDaysInMonth
FNDA:5,updateCurrencyDisplay
FNDA:7,calculateMonthlySavings
FNDA:7,convertCurrency
FNDA:4,fetchOpta
FNDA:3,fetchSolargisData
DA:8,15
DA:9,1
DA:12,14
DA:13,1
DA:16,13
DA:17,1
DA:20,12
DA:21,1
DA:24,11
DA:25,2
DA:28,9
DA:29,0
DA:32,9
DA:33,1
DA:36,8
DA:37,1
DA:40,7
DA:41,1
DA:44,6
DA:45,1
DA:48,5
DA:49,1
DA:52,4
DA:53,1
DA:56,3
DA:57,1
DA:60,2
DA:61,1
DA:65,1
DA:70,5
DA:72,2
DA:73,7
DA:74,5
DA:76,2
DA:82,9
DA:83,7
DA:84,6
DA:85,5
DA:86,4
DA:87,3
DA:88,2
DA:89,1
DA:90,0
DA:94,7
DA:96,4
DA:97,4
DA:98,4
DA:102,8
DA:107,5
DA:110,3
DA:111,3
DA:112,72
DA:113,68
DA:118,14
DA:119,14
DA:123,2
DA:262,5
DA:264,5
DA:265,1
DA:266,1
DA:267,1
DA:270,4
DA:271,4
DA:282,7
DA:283,4
DA:286,3
DA:287,3
DA:292,3
DA:294,1
DA:295,1
DA:298,2
DA:299,2
DA:302,3
DA:313,7
DA:314,3
DA:317,4
DA:319,4
DA:320,1
DA:321,3
DA:323,1
DA:326,2
DA:337,4
DA:338,4
DA:339,3
DA:341,3
DA:347,3
DA:348,2
DA:352,3
DA:354,1
DA:357,2
DA:359,1
DA:361,1
DA:364,3
DA:366,1
DA:385,3
DA:386,3
DA:388,3
DA:390,3
DA:403,3
DA:411,3
DA:412,1
DA:415,2
DA:417,2
DA:418,1
DA:421,1
DA:428,2
DA:432,2
LF:107
LH:105
BRDA:8,0,0,1
BRDA:8,0,1,14
BRDA:8,1,0,15
BRDA:8,1,1,3
BRDA:8,1,2,3
BRDA:8,1,3,1
BRDA:12,2,0,1
BRDA:12,2,1,13
BRDA:12,3,0,14
BRDA:12,3,1,1
BRDA:12,3,2,1
BRDA:12,3,3,1
BRDA:16,4,0,1
BRDA:16,4,1,12
BRDA:16,5,0,13
BRDA:16,5,1,9
BRDA:16,5,2,5
BRDA:16,5,3,1
BRDA:20,6,0,1
BRDA:20,6,1,11
BRDA:20,7,0,12
BRDA:20,7,1,8
BRDA:20,7,2,2
BRDA:20,7,3,1
BRDA:24,8,0,2
BRDA:24,8,1,9
BRDA:24,9,0,11
BRDA:24,9,1,8
BRDA:24,9,2,8
BRDA:24,9,3,2
BRDA:28,10,0,0
BRDA:28,10,1,9
BRDA:28,11,0,9
BRDA:28,11,1,6
BRDA:28,11,2,0
BRDA:28,11,3,0
BRDA:32,12,0,1
BRDA:32,12,1,8
BRDA:32,13,0,9
BRDA:32,13,1,3
BRDA:32,13,2,3
BRDA:32,13,3,2
BRDA:36,14,0,1
BRDA:36,14,1,7
BRDA:36,15,0,8
BRDA:36,15,1,2
BRDA:36,15,2,2
BRDA:36,15,3,1
BRDA:40,16,0,1
BRDA:40,16,1,6
BRDA:40,17,0,7
BRDA:40,17,1,3
BRDA:40,17,2,3
BRDA:40,17,3,2
BRDA:44,18,0,1
BRDA:44,18,1,5
BRDA:44,19,0,6
BRDA:44,19,1,3
BRDA:44,19,2,2
BRDA:44,19,3,1
BRDA:48,20,0,1
BRDA:48,20,1,4
BRDA:48,21,0,5
BRDA:48,21,1,2
BRDA:48,21,2,1
BRDA:48,21,3,1
BRDA:52,22,0,1
BRDA:52,22,1,3
BRDA:52,23,0,4
BRDA:52,23,1,1
BRDA:52,23,2,1
BRDA:52,23,3,1
BRDA:56,24,0,1
BRDA:56,24,1,2
BRDA:56,25,0,3
BRDA:56,25,1,3
BRDA:56,25,2,3
BRDA:56,25,3,3
BRDA:60,26,0,1
BRDA:60,26,1,1
BRDA:60,27,0,2
BRDA:60,27,1,2
BRDA:60,27,2,1
BRDA:60,27,3,1
BRDA:70,28,0,3
BRDA:70,28,1,2
BRDA:73,29,0,5
BRDA:73,29,1,2
BRDA:73,30,0,7
BRDA:73,30,1,6
BRDA:82,31,0,2
BRDA:82,31,1,7
BRDA:82,32,0,9
BRDA:82,32,1,8
BRDA:83,33,0,1
BRDA:83,33,1,6
BRDA:83,34,0,7
BRDA:83,34,1,7
BRDA:84,35,0,1
BRDA:84,35,1,5
BRDA:84,36,0,6
BRDA:84,36,1,6
BRDA:85,37,0,1
BRDA:85,37,1,4
BRDA:85,38,0,5
BRDA:85,38,1,5
BRDA:86,39,0,1
BRDA:86,39,1,3
BRDA:86,40,0,4
BRDA:86,40,1,4
BRDA:87,41,0,1
BRDA:87,41,1,2
BRDA:87,42,0,3
BRDA:87,42,1,3
BRDA:88,43,0,1
BRDA:88,43,1,1
BRDA:88,44,0,2
BRDA:88,44,1,2
BRDA:89,45,0,1
BRDA:89,45,1,0
BRDA:89,46,0,1
BRDA:89,46,1,1
BRDA:94,47,0,3
BRDA:94,47,1,4
BRDA:94,48,0,7
BRDA:94,48,1,5
BRDA:94,48,2,5
BRDA:101,49,0,1
BRDA:102,50,0,5
BRDA:102,50,1,3
BRDA:103,51,0,8
BRDA:103,51,1,7
BRDA:103,51,2,5
BRDA:112,52,0,4
BRDA:112,52,1,68
BRDA:112,53,0,72
BRDA:112,53,1,70
BRDA:119,54,0,14
BRDA:119,54,1,2
BRDA:261,55,0,0
BRDA:262,56,0,5
BRDA:262,56,1,3
BRDA:264,57,0,1
BRDA:264,57,1,4
BRDA:281,58,0,7
BRDA:282,59,0,4
BRDA:282,59,1,3
BRDA:282,60,0,7
BRDA:282,60,1,4
BRDA:282,60,2,4
BRDA:286,61,0,3
BRDA:286,61,1,1
BRDA:292,62,0,1
BRDA:292,62,1,2
BRDA:312,63,0,7
BRDA:313,64,0,3
BRDA:313,64,1,4
BRDA:313,65,0,7
BRDA:313,65,1,4
BRDA:317,66,0,4
BRDA:317,66,1,1
BRDA:319,67,0,1
BRDA:319,67,1,3
BRDA:321,68,0,1
BRDA:321,68,1,2
BRDA:347,69,0,2
BRDA:347,69,1,1
BRDA:352,70,0,1
BRDA:352,70,1,2
BRDA:357,71,0,1
BRDA:357,71,1,1
BRDA:411,72,0,1
BRDA:411,72,1,2
BRDA:417,73,0,1
BRDA:417,73,1,1
BRDA:417,74,0,2
BRDA:417,74,1,1
BRF:177
BRH:172
end_of_record
TN:
SF:js\assistive-calculator.js
FN:7,calculateTotalEnergy
FN:14,(anonymous_1)
FN:32,getSelectedAppliances
FN:36,(anonymous_3)
FN:55,calculateAssistiveResults
FN:91,applyAssistiveTemplate
FNF:6
FNH:6
FNDA:3,calculateTotalEnergy
FNDA:5,(anonymous_1)
FNDA:2,getSelectedAppliances
FNDA:2,(anonymous_3)
FNDA:7,calculateAssistiveResults
FNDA:5,applyAssistiveTemplate
DA:8,3
DA:11,3
DA:14,3
DA:15,5
DA:16,5
DA:17,5
DA:20,5
DA:21,3
DA:25,3
DA:33,2
DA:34,2
DA:36,2
DA:37,2
DA:45,2
DA:57,7
DA:58,7
DA:59,7
DA:62,7
DA:63,7
DA:64,7
DA:67,7
DA:68,7
DA:71,7
DA:72,7
DA:75,7
DA:76,7
DA:78,7
DA:93,5
DA:104,5
DA:105,3
DA:111,5
DA:112,2
DA:118,5
DA:119,1
DA:126,5
DA:129,1
LF:36
LH:36
BRDA:15,0,0,5
BRDA:15,0,1,1
BRDA:16,1,0,5
BRDA:16,1,1,1
BRDA:17,2,0,5
BRDA:17,2,1,3
BRDA:20,3,0,3
BRDA:20,3,1,2
BRDA:20,4,0,5
BRDA:20,4,1,4
BRDA:39,5,0,2
BRDA:39,5,1,0
BRDA:40,6,0,2
BRDA:40,6,1,0
BRDA:41,7,0,2
BRDA:41,7,1,0
BRDA:58,8,0,1
BRDA:58,8,1,6
BRDA:59,9,0,2
BRDA:59,9,1,5
BRDA:63,10,0,2
BRDA:63,10,1,5
BRDA:64,11,0,1
BRDA:64,11,1,6
BRDA:104,12,0,3
BRDA:104,12,1,2
BRDA:111,13,0,2
BRDA:111,13,1,3
BRDA:118,14,0,1
BRDA:118,14,1,4
BRF:30
BRH:27
end_of_record
TN:
SF:js\standard-calculator.js
FN:4,GetSystemRequirements
FN:49,checkEmptyAppliances
FN:64,addAppliance
FN:96,filterAppliancesByCategory
FN:97,(anonymous_4)
FN:106,clearAllAppliances
FN:109,(anonymous_6)
FN:120,calculateTotals
FN:124,(anonymous_8)
FN:148,saveConfiguration
FN:174,loadSavedConfiguration
FNF:11
FNH:11
FNDA:11,GetSystemRequirements
FNDA:2,checkEmptyAppliances
FNDA:2,addAppliance
FNDA:2,filterAppliancesByCategory
FNDA:5,(anonymous_4)
FNDA:3,clearAllAppliances
FNDA:1,(anonymous_6)
FNDA:3,calculateTotals
FNDA:6,(anonymous_8)
FNDA:5,saveConfiguration
FNDA:6,loadSavedConfiguration
DA:5,11
DA:6,11
DA:7,11
DA:9,11
DA:10,11
DA:11,8
DA:12,6
DA:13,5
DA:14,3
DA:15,2
DA:16,1
DA:18,11
DA:19,11
DA:20,8
DA:21,6
DA:22,4
DA:23,4
DA:24,4
DA:25,4
DA:26,2
DA:27,1
DA:29,11
DA:30,11
DA:31,9
DA:32,8
DA:33,6
DA:34,6
DA:35,6
DA:36,5
DA:37,5
DA:38,5
DA:39,3
DA:40,2
DA:42,11
DA:50,2
DA:51,2
DA:52,2
DA:54,2
DA:55,1
DA:56,1
DA:57,1
DA:58,1
DA:59,1
DA:60,1
DA:65,2
DA:66,2
DA:67,2
DA:68,2
DA:70,2
DA:71,2
DA:72,1
DA:73,1
DA:74,1
DA:75,1
DA:76,1
DA:80,1
DA:81,1
DA:89,1
DA:90,1
DA:91,1
DA:92,1
DA:93,1
DA:97,2
DA:98,5
DA:99,4
DA:101,1
DA:107,3
DA:108,1
DA:109,1
DA:110,1
DA:111,1
DA:121,3
DA:122,3
DA:124,3
DA:125,6
DA:126,6
DA:127,6
DA:129,6
DA:130,4
DA:131,4
DA:132,4
DA:136,3
DA:149,5
DA:151,5
DA:152,2
DA:155,3
DA:156,1
DA:159,2
DA:160,1
DA:163,1
DA:165,0
DA:175,6
DA:176,6
DA:177,2
DA:180,4
DA:183,3
DA:184,1
DA:187,2
DA:188,1
DA:191,1
DA:193,1
DA:197,2
LF:102
LH:101
BRDA:10,0,0,3
BRDA:10,0,1,8
BRDA:11,1,0,2
BRDA:11,1,1,6
BRDA:12,2,0,1
BRDA:12,2,1,5
BRDA:13,3,0,2
BRDA:13,3,1,3
BRDA:14,4,0,1
BRDA:14,4,1,2
BRDA:15,5,0,1
BRDA:15,5,1,1
BRDA:16,6,0,1
BRDA:16,6,1,0
BRDA:19,7,0,3
BRDA:19,7,1,8
BRDA:19,8,0,11
BRDA:19,8,1,11
BRDA:20,9,0,2
BRDA:20,9,1,6
BRDA:21,10,0,2
BRDA:21,10,1,4
BRDA:22,11,0,0
BRDA:22,11,1,4
BRDA:23,12,0,0
BRDA:23,12,1,4
BRDA:24,13,0,0
BRDA:24,13,1,4
BRDA:25,14,0,2
BRDA:25,14,1,2
BRDA:26,15,0,1
BRDA:26,15,1,1
BRDA:27,16,0,1
BRDA:27,16,1,0
BRDA:30,17,0,2
BRDA:30,17,1,9
BRDA:31,18,0,1
BRDA:31,18,1,8
BRDA:32,19,0,2
BRDA:32,19,1,6
BRDA:33,20,0,0
BRDA:33,20,1,6
BRDA:34,21,0,0
BRDA:34,21,1,6
BRDA:35,22,0,1
BRDA:35,22,1,5
BRDA:36,23,0,0
BRDA:36,23,1,5
BRDA:37,24,0,0
BRDA:37,24,1,5
BRDA:38,25,0,2
BRDA:38,25,1,3
BRDA:39,26,0,1
BRDA:39,26,1,2
BRDA:40,27,0,2
BRDA:40,27,1,0
BRDA:54,28,0,1
BRDA:54,28,1,1
BRDA:54,29,0,2
BRDA:54,29,1,1
BRDA:59,30,0,1
BRDA:59,30,1,0
BRDA:59,31,0,1
BRDA:59,31,1,1
BRDA:64,32,0,2
BRDA:72,33,0,1
BRDA:72,33,1,0
BRDA:92,34,0,0
BRDA:92,34,1,1
BRDA:96,35,0,2
BRDA:98,36,0,4
BRDA:98,36,1,1
BRDA:98,37,0,5
BRDA:98,37,1,2
BRDA:106,38,0,0
BRDA:107,39,0,1
BRDA:107,39,1,2
BRDA:107,40,0,3
BRDA:107,40,1,2
BRDA:125,41,0,6
BRDA:125,41,1,0
BRDA:126,42,0,6
BRDA:126,42,1,1
BRDA:127,43,0,6
BRDA:127,43,1,0
BRDA:129,44,0,4
BRDA:129,44,1,2
BRDA:129,45,0,6
BRDA:129,45,1,5
BRDA:129,45,2,5
BRDA:151,46,0,2
BRDA:151,46,1,3
BRDA:151,47,0,5
BRDA:151,47,1,4
BRDA:155,48,0,1
BRDA:155,48,1,2
BRDA:159,49,0,1
BRDA:159,49,1,1
BRDA:159,50,0,2
BRDA:159,50,1,1
BRDA:176,51,0,2
BRDA:176,51,1,4
BRDA:183,52,0,1
BRDA:183,52,1,2
BRDA:183,53,0,3
BRDA:183,53,1,2
BRDA:187,54,0,1
BRDA:187,54,1,1
BRDA:187,55,0,2
BRDA:187,55,1,1
BRF:110
BRH:94
end_of_record
